<?xml version="1.0" encoding="UTF-8"?>
<coverage generated="1644101516970" clover="3.2.0">
  <project timestamp="1644101516971" name="All files">
    <metrics statements="432" coveredstatements="409" conditionals="172" coveredconditionals="156" methods="110" coveredmethods="100" elements="714" coveredelements="665" complexity="0" loc="432" ncloc="432" packages="3" files="7" classes="7"/>
    <package name="constants">
      <metrics statements="1" coveredstatements="1" conditionals="0" coveredconditionals="0" methods="0" coveredmethods="0"/>
      <file name="cell_states.js" path="/home/rds/Personal/TOP/battleship/src/constants/cell_states.js">
        <metrics statements="1" coveredstatements="1" conditionals="0" coveredconditionals="0" methods="0" coveredmethods="0"/>
        <line num="1" count="2" type="stmt"/>
      </file>
    </package>
    <package name="factories">
      <metrics statements="285" coveredstatements="264" conditionals="128" coveredconditionals="113" methods="70" coveredmethods="64"/>
      <file name="ai_player.js" path="/home/rds/Personal/TOP/battleship/src/factories/ai_player.js">
        <metrics statements="113" coveredstatements="96" conditionals="53" coveredconditionals="40" methods="21" coveredmethods="18"/>
        <line num="12" count="1" type="stmt"/>
        <line num="13" count="6" type="stmt"/>
        <line num="14" count="8" type="stmt"/>
        <line num="15" count="7" type="stmt"/>
        <line num="16" count="6" type="stmt"/>
        <line num="19" count="1" type="stmt"/>
        <line num="20" count="3" type="cond" truecount="2" falsecount="3"/>
        <line num="22" count="1" type="stmt"/>
        <line num="24" count="0" type="stmt"/>
        <line num="26" count="2" type="stmt"/>
        <line num="28" count="0" type="stmt"/>
        <line num="30" count="0" type="stmt"/>
        <line num="34" count="1" type="stmt"/>
        <line num="35" count="3" type="cond" truecount="2" falsecount="0"/>
        <line num="39" count="1" type="stmt"/>
        <line num="40" count="6" type="cond" truecount="2" falsecount="0"/>
        <line num="41" count="6" type="stmt"/>
        <line num="42" count="4" type="cond" truecount="2" falsecount="0"/>
        <line num="48" count="1" type="stmt"/>
        <line num="49" count="1" type="stmt"/>
        <line num="50" count="1" type="stmt"/>
        <line num="51" count="1" type="stmt"/>
        <line num="53" count="1" type="stmt"/>
        <line num="54" count="8" type="stmt"/>
        <line num="55" count="8" type="stmt"/>
        <line num="56" count="8" type="stmt"/>
        <line num="57" count="8" type="stmt"/>
        <line num="59" count="8" type="stmt"/>
        <line num="60" count="1" type="stmt"/>
        <line num="61" count="1" type="stmt"/>
        <line num="62" count="0" type="stmt"/>
        <line num="64" count="1" type="stmt"/>
        <line num="67" count="8" type="stmt"/>
        <line num="68" count="5" type="stmt"/>
        <line num="69" count="5" type="stmt"/>
        <line num="70" count="5" type="stmt"/>
        <line num="72" count="5" type="cond" truecount="2" falsecount="0"/>
        <line num="73" count="10" type="stmt"/>
        <line num="74" count="10" type="stmt"/>
        <line num="75" count="10" type="stmt"/>
        <line num="76" count="10" type="stmt"/>
        <line num="77" count="10" type="stmt"/>
        <line num="79" count="5" type="cond" truecount="1" falsecount="1"/>
        <line num="80" count="0" type="stmt"/>
        <line num="82" count="5" type="stmt"/>
        <line num="85" count="8" type="stmt"/>
        <line num="90" count="3" type="cond" truecount="2" falsecount="1"/>
        <line num="92" count="1" type="stmt"/>
        <line num="93" count="1" type="stmt"/>
        <line num="94" count="1" type="cond" truecount="1" falsecount="1"/>
        <line num="98" count="2" type="stmt"/>
        <line num="99" count="2" type="stmt"/>
        <line num="100" count="2" type="cond" truecount="1" falsecount="1"/>
        <line num="104" count="0" type="stmt"/>
        <line num="108" count="8" type="stmt"/>
        <line num="109" count="8" type="stmt"/>
        <line num="110" count="8" type="stmt"/>
        <line num="111" count="8" type="stmt"/>
        <line num="114" count="8" type="stmt"/>
        <line num="115" count="12" type="stmt"/>
        <line num="116" count="12" type="cond" truecount="1" falsecount="1"/>
        <line num="117" count="0" type="stmt"/>
        <line num="118" count="0" type="stmt"/>
        <line num="119" count="0" type="cond" truecount="0" falsecount="2"/>
        <line num="120" count="0" type="stmt"/>
        <line num="122" count="0" type="stmt"/>
        <line num="124" count="12" type="stmt"/>
        <line num="125" count="12" type="stmt"/>
        <line num="126" count="12" type="cond" truecount="2" falsecount="0"/>
        <line num="127" count="3" type="stmt"/>
        <line num="128" count="3" type="stmt"/>
        <line num="130" count="12" type="stmt"/>
        <line num="133" count="8" type="stmt"/>
        <line num="134" count="5" type="stmt"/>
        <line num="135" count="5" type="cond" truecount="1" falsecount="1"/>
        <line num="136" count="0" type="stmt"/>
        <line num="137" count="0" type="stmt"/>
        <line num="138" count="0" type="stmt"/>
        <line num="140" count="5" type="stmt"/>
        <line num="141" count="5" type="stmt"/>
        <line num="142" count="5" type="stmt"/>
        <line num="143" count="5" type="cond" truecount="2" falsecount="0"/>
        <line num="144" count="1" type="stmt"/>
        <line num="146" count="4" type="stmt"/>
        <line num="147" count="4" type="stmt"/>
        <line num="148" count="4" type="stmt"/>
        <line num="151" count="8" type="stmt"/>
        <line num="152" count="1" type="stmt"/>
        <line num="153" count="1" type="stmt"/>
        <line num="154" count="1" type="stmt"/>
        <line num="155" count="1" type="stmt"/>
        <line num="158" count="8" type="stmt"/>
        <line num="160" count="26" type="cond" truecount="4" falsecount="0"/>
        <line num="161" count="8" type="stmt"/>
        <line num="162" count="18" type="cond" truecount="5" falsecount="0"/>
        <line num="163" count="12" type="stmt"/>
        <line num="164" count="6" type="cond" truecount="4" falsecount="0"/>
        <line num="165" count="5" type="stmt"/>
        <line num="166" count="1" type="cond" truecount="2" falsecount="2"/>
        <line num="167" count="1" type="stmt"/>
        <line num="169" count="26" type="cond" truecount="2" falsecount="0"/>
        <line num="170" count="16" type="stmt"/>
        <line num="171" count="16" type="stmt"/>
        <line num="173" count="26" type="cond" truecount="2" falsecount="0"/>
        <line num="174" count="5" type="stmt"/>
        <line num="175" count="5" type="stmt"/>
        <line num="176" count="5" type="stmt"/>
        <line num="178" count="26" type="stmt"/>
        <line num="181" count="8" type="stmt"/>
        <line num="183" count="8" type="stmt"/>
        <line num="186" count="0" type="stmt"/>
        <line num="187" count="0" type="stmt"/>
        <line num="188" count="0" type="stmt"/>
      </file>
      <file name="gameboard.js" path="/home/rds/Personal/TOP/battleship/src/factories/gameboard.js">
        <metrics statements="139" coveredstatements="138" conditionals="69" coveredconditionals="67" methods="34" coveredmethods="34"/>
        <line num="9" count="5300" type="stmt"/>
        <line num="10" count="53" type="stmt"/>
        <line num="12" count="2" type="stmt"/>
        <line num="13" count="117" type="stmt"/>
        <line num="14" count="117" type="stmt"/>
        <line num="15" count="283" type="stmt"/>
        <line num="16" count="283" type="stmt"/>
        <line num="18" count="117" type="stmt"/>
        <line num="21" count="2" type="stmt"/>
        <line num="22" count="676" type="stmt"/>
        <line num="25" count="2" type="stmt"/>
        <line num="26" count="45" type="stmt"/>
        <line num="27" count="45" type="stmt"/>
        <line num="28" count="45" type="stmt"/>
        <line num="29" count="45" type="stmt"/>
        <line num="31" count="45" type="stmt"/>
        <line num="32" count="45" type="stmt"/>
        <line num="33" count="45" type="stmt"/>
        <line num="34" count="45" type="stmt"/>
        <line num="35" count="45" type="stmt"/>
        <line num="36" count="45" type="stmt"/>
        <line num="38" count="45" type="stmt"/>
        <line num="39" count="250" type="cond" truecount="2" falsecount="0"/>
        <line num="41" count="45" type="stmt"/>
        <line num="43" count="45" type="stmt"/>
        <line num="45" count="68" type="stmt"/>
        <line num="50" count="45" type="stmt"/>
        <line num="54" count="34" type="stmt"/>
        <line num="57" count="45" type="stmt"/>
        <line num="59" count="45" type="stmt"/>
        <line num="61" count="45" type="stmt"/>
        <line num="62" count="68" type="stmt"/>
        <line num="63" count="68" type="cond" truecount="4" falsecount="0"/>
        <line num="64" count="15" type="stmt"/>
        <line num="65" count="15" type="stmt"/>
        <line num="66" count="36" type="stmt"/>
        <line num="67" count="103" type="cond" truecount="4" falsecount="0"/>
        <line num="68" count="3" type="stmt"/>
        <line num="73" count="65" type="cond" truecount="4" falsecount="0"/>
        <line num="74" count="9" type="stmt"/>
        <line num="75" count="9" type="stmt"/>
        <line num="76" count="25" type="stmt"/>
        <line num="77" count="80" type="cond" truecount="4" falsecount="0"/>
        <line num="78" count="1" type="stmt"/>
        <line num="83" count="64" type="stmt"/>
        <line num="86" count="45" type="stmt"/>
        <line num="87" count="64" type="cond" truecount="6" falsecount="0"/>
        <line num="89" count="4" type="stmt"/>
        <line num="91" count="60" type="stmt"/>
        <line num="94" count="45" type="stmt"/>
        <line num="95" count="637" type="stmt"/>
        <line num="96" count="637" type="stmt"/>
        <line num="97" count="637" type="cond" truecount="2" falsecount="0"/>
        <line num="102" count="45" type="stmt"/>
        <line num="103" count="60" type="cond" truecount="2" falsecount="0"/>
        <line num="104" count="37" type="stmt"/>
        <line num="106" count="37" type="stmt"/>
        <line num="107" count="85" type="stmt"/>
        <line num="108" count="85" type="stmt"/>
        <line num="109" count="85" type="cond" truecount="2" falsecount="0"/>
        <line num="110" count="6" type="stmt"/>
        <line num="114" count="31" type="stmt"/>
        <line num="115" count="31" type="stmt"/>
        <line num="116" count="31" type="cond" truecount="2" falsecount="0"/>
        <line num="117" count="2" type="stmt"/>
        <line num="120" count="29" type="stmt"/>
        <line num="121" count="29" type="stmt"/>
        <line num="122" count="29" type="stmt"/>
        <line num="123" count="29" type="stmt"/>
        <line num="124" count="29" type="cond" truecount="2" falsecount="0"/>
        <line num="125" count="2" type="stmt"/>
        <line num="129" count="50" type="cond" truecount="2" falsecount="0"/>
        <line num="130" count="23" type="stmt"/>
        <line num="132" count="23" type="stmt"/>
        <line num="133" count="23" type="stmt"/>
        <line num="134" count="23" type="cond" truecount="2" falsecount="0"/>
        <line num="135" count="2" type="stmt"/>
        <line num="138" count="21" type="stmt"/>
        <line num="139" count="56" type="stmt"/>
        <line num="140" count="56" type="stmt"/>
        <line num="141" count="56" type="cond" truecount="2" falsecount="0"/>
        <line num="142" count="2" type="stmt"/>
        <line num="146" count="19" type="stmt"/>
        <line num="147" count="19" type="stmt"/>
        <line num="148" count="19" type="stmt"/>
        <line num="149" count="19" type="stmt"/>
        <line num="150" count="19" type="cond" truecount="2" falsecount="0"/>
        <line num="151" count="4" type="stmt"/>
        <line num="154" count="42" type="stmt"/>
        <line num="157" count="45" type="stmt"/>
        <line num="158" count="34" type="stmt"/>
        <line num="170" count="45" type="stmt"/>
        <line num="171" count="449" type="cond" truecount="2" falsecount="0"/>
        <line num="173" count="45" type="stmt"/>
        <line num="174" count="14" type="stmt"/>
        <line num="175" count="14" type="stmt"/>
        <line num="178" count="272" type="stmt"/>
        <line num="184" count="45" type="stmt"/>
        <line num="185" count="68" type="cond" truecount="3" falsecount="0"/>
        <line num="190" count="45" type="stmt"/>
        <line num="191" count="40" type="cond" truecount="1" falsecount="1"/>
        <line num="193" count="40" type="stmt"/>
        <line num="194" count="40" type="stmt"/>
        <line num="195" count="40" type="stmt"/>
        <line num="196" count="40" type="stmt"/>
        <line num="199" count="45" type="stmt"/>
        <line num="200" count="39" type="stmt"/>
        <line num="201" count="39" type="stmt"/>
        <line num="202" count="39" type="cond" truecount="2" falsecount="0"/>
        <line num="203" count="36" type="cond" truecount="6" falsecount="0"/>
        <line num="206" count="24" type="stmt"/>
        <line num="211" count="9" type="stmt"/>
        <line num="214" count="6" type="stmt"/>
        <line num="217" count="45" type="stmt"/>
        <line num="218" count="66" type="stmt"/>
        <line num="219" count="66" type="cond" truecount="2" falsecount="0"/>
        <line num="220" count="24" type="stmt"/>
        <line num="221" count="24" type="stmt"/>
        <line num="222" count="24" type="stmt"/>
        <line num="224" count="78" type="cond" truecount="2" falsecount="0"/>
        <line num="225" count="42" type="stmt"/>
        <line num="226" count="42" type="cond" truecount="2" falsecount="0"/>
        <line num="227" count="11" type="stmt"/>
        <line num="228" count="11" type="stmt"/>
        <line num="230" count="31" type="stmt"/>
        <line num="234" count="45" type="stmt"/>
        <line num="235" count="55" type="stmt"/>
        <line num="236" count="55" type="stmt"/>
        <line num="239" count="55" type="cond" truecount="3" falsecount="1"/>
        <line num="241" count="11" type="stmt"/>
        <line num="244" count="44" type="stmt"/>
        <line num="245" count="44" type="stmt"/>
        <line num="246" count="44" type="cond" truecount="2" falsecount="0"/>
        <line num="250" count="0" type="stmt"/>
        <line num="254" count="45" type="stmt"/>
        <line num="256" count="45" type="stmt"/>
        <line num="257" count="31" type="stmt"/>
        <line num="258" count="7" type="stmt"/>
        <line num="259" count="4" type="stmt"/>
      </file>
      <file name="player.js" path="/home/rds/Personal/TOP/battleship/src/factories/player.js">
        <metrics statements="13" coveredstatements="11" conditionals="4" coveredconditionals="4" methods="6" coveredmethods="4"/>
        <line num="4" count="2" type="stmt"/>
        <line num="5" count="10" type="cond" truecount="2" falsecount="0"/>
        <line num="6" count="10" type="stmt"/>
        <line num="8" count="10" type="stmt"/>
        <line num="10" count="10" type="stmt"/>
        <line num="11" count="26" type="stmt"/>
        <line num="12" count="26" type="stmt"/>
        <line num="13" count="26" type="cond" truecount="2" falsecount="0"/>
        <line num="14" count="5" type="stmt"/>
        <line num="18" count="10" type="stmt"/>
        <line num="19" count="0" type="stmt"/>
        <line num="20" count="0" type="stmt"/>
        <line num="21" count="2" type="stmt"/>
      </file>
      <file name="ship.js" path="/home/rds/Personal/TOP/battleship/src/factories/ship.js">
        <metrics statements="20" coveredstatements="19" conditionals="2" coveredconditionals="2" methods="9" coveredmethods="8"/>
        <line num="4" count="3" type="stmt"/>
        <line num="12" count="3" type="stmt"/>
        <line num="14" count="36" type="stmt"/>
        <line num="15" count="36" type="stmt"/>
        <line num="16" count="93" type="stmt"/>
        <line num="18" count="36" type="stmt"/>
        <line num="21" count="15" type="stmt"/>
        <line num="22" count="15" type="stmt"/>
        <line num="23" count="41" type="stmt"/>
        <line num="25" count="15" type="stmt"/>
        <line num="29" count="3" type="stmt"/>
        <line num="30" count="52" type="stmt"/>
        <line num="31" count="52" type="cond" truecount="2" falsecount="0"/>
        <line num="33" count="51" type="stmt"/>
        <line num="35" count="51" type="stmt"/>
        <line num="37" count="271" type="stmt"/>
        <line num="39" count="51" type="stmt"/>
        <line num="42" count="0" type="stmt"/>
        <line num="43" count="48" type="stmt"/>
        <line num="44" count="263" type="stmt"/>
      </file>
    </package>
    <package name="utils">
      <metrics statements="146" coveredstatements="144" conditionals="44" coveredconditionals="43" methods="40" coveredmethods="36"/>
      <file name="func_helpers.js" path="/home/rds/Personal/TOP/battleship/src/utils/func_helpers.js">
        <metrics statements="138" coveredstatements="138" conditionals="44" coveredconditionals="43" methods="36" coveredmethods="34"/>
        <line num="1" count="3" type="stmt"/>
        <line num="2" count="81" type="stmt"/>
        <line num="3" count="8903" type="cond" truecount="2" falsecount="0"/>
        <line num="4" count="532" type="stmt"/>
        <line num="6" count="8371" type="stmt"/>
        <line num="10" count="4" type="stmt"/>
        <line num="12" count="6" type="stmt"/>
        <line num="14" count="3" type="stmt"/>
        <line num="16" count="3" type="stmt"/>
        <line num="18" count="3" type="stmt"/>
        <line num="19" count="5" type="stmt"/>
        <line num="20" count="5" type="cond" truecount="2" falsecount="0"/>
        <line num="21" count="5" type="cond" truecount="2" falsecount="0"/>
        <line num="22" count="5" type="stmt"/>
        <line num="23" count="10" type="stmt"/>
        <line num="25" count="5" type="stmt"/>
        <line num="28" count="3" type="stmt"/>
        <line num="29" count="1" type="stmt"/>
        <line num="30" count="1" type="stmt"/>
        <line num="31" count="1" type="stmt"/>
        <line num="34" count="3" type="stmt"/>
        <line num="36" count="1081" type="cond" truecount="2" falsecount="0"/>
        <line num="38" count="793" type="stmt"/>
        <line num="39" count="793" type="stmt"/>
        <line num="40" count="1485" type="stmt"/>
        <line num="42" count="793" type="stmt"/>
        <line num="44" count="288" type="stmt"/>
        <line num="45" count="288" type="stmt"/>
        <line num="46" count="719" type="stmt"/>
        <line num="48" count="288" type="stmt"/>
        <line num="52" count="3" type="stmt"/>
        <line num="53" count="970" type="cond" truecount="2" falsecount="0"/>
        <line num="57" count="290" type="stmt"/>
        <line num="59" count="3" type="stmt"/>
        <line num="60" count="264" type="stmt"/>
        <line num="62" count="964" type="cond" truecount="4" falsecount="0"/>
        <line num="63" count="2068" type="cond" truecount="2" falsecount="0"/>
        <line num="67" count="3" type="stmt"/>
        <line num="69" count="6" type="cond" truecount="4" falsecount="0"/>
        <line num="70" count="20" type="cond" truecount="2" falsecount="0"/>
        <line num="74" count="3" type="stmt"/>
        <line num="76" count="3" type="stmt"/>
        <line num="77" count="584" type="stmt"/>
        <line num="78" count="584" type="stmt"/>
        <line num="79" count="584" type="stmt"/>
        <line num="80" count="5833" type="stmt"/>
        <line num="81" count="5833" type="stmt"/>
        <line num="83" count="584" type="stmt"/>
        <line num="86" count="3" type="stmt"/>
        <line num="87" count="1" type="stmt"/>
        <line num="88" count="1" type="stmt"/>
        <line num="89" count="1" type="stmt"/>
        <line num="90" count="4" type="cond" truecount="2" falsecount="0"/>
        <line num="91" count="1" type="stmt"/>
        <line num="93" count="3" type="stmt"/>
        <line num="97" count="3" type="stmt"/>
        <line num="98" count="43" type="stmt"/>
        <line num="99" count="43" type="stmt"/>
        <line num="100" count="43" type="stmt"/>
        <line num="101" count="82" type="cond" truecount="2" falsecount="0"/>
        <line num="102" count="43" type="stmt"/>
        <line num="104" count="39" type="stmt"/>
        <line num="108" count="3" type="stmt"/>
        <line num="109" count="1" type="stmt"/>
        <line num="110" count="1" type="stmt"/>
        <line num="111" count="1" type="stmt"/>
        <line num="112" count="3" type="stmt"/>
        <line num="113" count="3" type="stmt"/>
        <line num="115" count="1" type="stmt"/>
        <line num="118" count="3" type="stmt"/>
        <line num="119" count="171" type="stmt"/>
        <line num="120" count="171" type="stmt"/>
        <line num="121" count="171" type="stmt"/>
        <line num="122" count="171" type="stmt"/>
        <line num="123" count="450" type="cond" truecount="2" falsecount="0"/>
        <line num="124" count="74" type="stmt"/>
        <line num="125" count="74" type="stmt"/>
        <line num="126" count="74" type="stmt"/>
        <line num="127" count="74" type="stmt"/>
        <line num="128" count="377" type="stmt"/>
        <line num="129" count="377" type="stmt"/>
        <line num="132" count="376" type="stmt"/>
        <line num="134" count="450" type="stmt"/>
        <line num="136" count="171" type="stmt"/>
        <line num="139" count="3" type="stmt"/>
        <line num="140" count="43" type="stmt"/>
        <line num="141" count="43" type="stmt"/>
        <line num="142" count="43" type="stmt"/>
        <line num="143" count="43" type="stmt"/>
        <line num="144" count="525" type="cond" truecount="2" falsecount="0"/>
        <line num="145" count="440" type="stmt"/>
        <line num="147" count="525" type="stmt"/>
        <line num="149" count="43" type="stmt"/>
        <line num="152" count="3" type="stmt"/>
        <line num="153" count="1629" type="stmt"/>
        <line num="154" count="2121" type="cond" truecount="2" falsecount="0"/>
        <line num="155" count="1516" type="stmt"/>
        <line num="158" count="113" type="stmt"/>
        <line num="161" count="3" type="stmt"/>
        <line num="162" count="471" type="stmt"/>
        <line num="163" count="1627" type="cond" truecount="2" falsecount="0"/>
        <line num="164" count="112" type="stmt"/>
        <line num="167" count="359" type="stmt"/>
        <line num="170" count="3" type="stmt"/>
        <line num="171" count="15" type="stmt"/>
        <line num="172" count="15" type="cond" truecount="1" falsecount="1"/>
        <line num="173" count="15" type="stmt"/>
        <line num="174" count="15" type="stmt"/>
        <line num="175" count="197" type="cond" truecount="2" falsecount="0"/>
        <line num="176" count="126" type="stmt"/>
        <line num="179" count="15" type="stmt"/>
        <line num="182" count="3" type="stmt"/>
        <line num="183" count="15" type="stmt"/>
        <line num="184" count="15" type="stmt"/>
        <line num="185" count="15" type="stmt"/>
        <line num="186" count="27" type="cond" truecount="2" falsecount="0"/>
        <line num="187" count="14" type="stmt"/>
        <line num="188" count="14" type="stmt"/>
        <line num="191" count="1" type="stmt"/>
        <line num="194" count="451" type="stmt"/>
        <line num="195" count="451" type="stmt"/>
        <line num="196" count="3" type="stmt"/>
        <line num="197" count="3" type="stmt"/>
        <line num="198" count="569" type="stmt"/>
        <line num="200" count="3" type="stmt"/>
        <line num="201" count="4" type="stmt"/>
        <line num="202" count="4" type="stmt"/>
        <line num="203" count="8" type="cond" truecount="2" falsecount="0"/>
        <line num="204" count="2" type="stmt"/>
        <line num="207" count="2" type="stmt"/>
        <line num="210" count="3" type="stmt"/>
        <line num="211" count="479" type="stmt"/>
        <line num="212" count="479" type="stmt"/>
        <line num="213" count="1025" type="cond" truecount="2" falsecount="0"/>
        <line num="214" count="61" type="stmt"/>
        <line num="217" count="418" type="stmt"/>
        <line num="220" count="3" type="stmt"/>
        <line num="221" count="1" type="stmt"/>
      </file>
      <file name="helper_funcs.js" path="/home/rds/Personal/TOP/battleship/src/utils/helper_funcs.js">
        <metrics statements="8" coveredstatements="6" conditionals="0" coveredconditionals="0" methods="4" coveredmethods="2"/>
        <line num="1" count="17" type="stmt"/>
        <line num="3" count="1" type="stmt"/>
        <line num="4" count="1" type="stmt"/>
        <line num="5" count="1" type="stmt"/>
        <line num="6" count="1" type="stmt"/>
        <line num="9" count="1" type="stmt"/>
        <line num="10" count="0" type="stmt"/>
        <line num="11" count="0" type="stmt"/>
      </file>
    </package>
  </project>
</coverage>
