{"/home/rds/Personal/TOP/battleship/src/constants/cell_states.js": {"path":"/home/rds/Personal/TOP/battleship/src/constants/cell_states.js","statementMap":{"0":{"start":{"line":1,"column":22},"end":{"line":8,"column":2}}},"fnMap":{},"branchMap":{},"s":{"0":2},"f":{},"b":{},"_coverageSchema":"1a1c01bbd47fc00a2c39e90264f33305004495a9","hash":"5788c0d97fbcff6f6eeb5d51d88c7fc7238c95fa"}
,"/home/rds/Personal/TOP/battleship/src/factories/ai_player.js": {"path":"/home/rds/Personal/TOP/battleship/src/factories/ai_player.js","statementMap":{"0":{"start":{"line":12,"column":26},"end":{"line":17,"column":1}},"1":{"start":{"line":13,"column":19},"end":{"line":13,"column":34}},"2":{"start":{"line":14,"column":20},"end":{"line":14,"column":35}},"3":{"start":{"line":15,"column":18},"end":{"line":15,"column":33}},"4":{"start":{"line":16,"column":21},"end":{"line":16,"column":36}},"5":{"start":{"line":19,"column":30},"end":{"line":32,"column":1}},"6":{"start":{"line":20,"column":2},"end":{"line":31,"column":3}},"7":{"start":{"line":22,"column":6},"end":{"line":22,"column":20}},"8":{"start":{"line":24,"column":6},"end":{"line":24,"column":19}},"9":{"start":{"line":26,"column":6},"end":{"line":26,"column":21}},"10":{"start":{"line":28,"column":6},"end":{"line":28,"column":18}},"11":{"start":{"line":30,"column":6},"end":{"line":30,"column":15}},"12":{"start":{"line":34,"column":26},"end":{"line":37,"column":11}},"13":{"start":{"line":35,"column":2},"end":{"line":37,"column":11}},"14":{"start":{"line":39,"column":22},"end":{"line":46,"column":2}},"15":{"start":{"line":40,"column":23},"end":{"line":40,"column":40}},"16":{"start":{"line":41,"column":2},"end":{"line":45,"column":3}},"17":{"start":{"line":42,"column":4},"end":{"line":44,"column":10}},"18":{"start":{"line":48,"column":21},"end":{"line":48,"column":46}},"19":{"start":{"line":49,"column":22},"end":{"line":49,"column":46}},"20":{"start":{"line":50,"column":20},"end":{"line":50,"column":45}},"21":{"start":{"line":51,"column":23},"end":{"line":51,"column":47}},"22":{"start":{"line":53,"column":24},"end":{"line":190,"column":1}},"23":{"start":{"line":54,"column":19},"end":{"line":54,"column":44}},"24":{"start":{"line":55,"column":17},"end":{"line":55,"column":19}},"25":{"start":{"line":56,"column":16},"end":{"line":56,"column":18}},"26":{"start":{"line":57,"column":18},"end":{"line":57,"column":20}},"27":{"start":{"line":59,"column":34},"end":{"line":65,"column":3}},"28":{"start":{"line":60,"column":17},"end":{"line":60,"column":34}},"29":{"start":{"line":61,"column":4},"end":{"line":63,"column":5}},"30":{"start":{"line":62,"column":6},"end":{"line":62,"column":32}},"31":{"start":{"line":64,"column":4},"end":{"line":64,"column":39}},"32":{"start":{"line":67,"column":28},"end":{"line":83,"column":3}},"33":{"start":{"line":68,"column":21},"end":{"line":68,"column":51}},"34":{"start":{"line":69,"column":26},"end":{"line":69,"column":60}},"35":{"start":{"line":70,"column":27},"end":{"line":70,"column":67}},"36":{"start":{"line":72,"column":4},"end":{"line":78,"column":5}},"37":{"start":{"line":73,"column":6},"end":{"line":73,"column":54}},"38":{"start":{"line":74,"column":6},"end":{"line":74,"column":78}},"39":{"start":{"line":75,"column":27},"end":{"line":75,"column":67}},"40":{"start":{"line":76,"column":6},"end":{"line":76,"column":25}},"41":{"start":{"line":77,"column":6},"end":{"line":77,"column":25}},"42":{"start":{"line":79,"column":4},"end":{"line":81,"column":5}},"43":{"start":{"line":80,"column":6},"end":{"line":80,"column":32}},"44":{"start":{"line":82,"column":4},"end":{"line":82,"column":71}},"45":{"start":{"line":85,"column":27},"end":{"line":106,"column":3}},"46":{"start":{"line":90,"column":4},"end":{"line":105,"column":5}},"47":{"start":{"line":92,"column":8},"end":{"line":92,"column":41}},"48":{"start":{"line":93,"column":8},"end":{"line":93,"column":43}},"49":{"start":{"line":94,"column":8},"end":{"line":96,"column":20}},"50":{"start":{"line":98,"column":8},"end":{"line":98,"column":39}},"51":{"start":{"line":99,"column":8},"end":{"line":99,"column":45}},"52":{"start":{"line":100,"column":8},"end":{"line":102,"column":19}},"53":{"start":{"line":104,"column":8},"end":{"line":104,"column":17}},"54":{"start":{"line":108,"column":30},"end":{"line":112,"column":3}},"55":{"start":{"line":109,"column":4},"end":{"line":109,"column":32}},"56":{"start":{"line":110,"column":19},"end":{"line":110,"column":46}},"57":{"start":{"line":111,"column":4},"end":{"line":111,"column":17}},"58":{"start":{"line":114,"column":29},"end":{"line":131,"column":3}},"59":{"start":{"line":115,"column":19},"end":{"line":115,"column":69}},"60":{"start":{"line":116,"column":4},"end":{"line":123,"column":5}},"61":{"start":{"line":117,"column":6},"end":{"line":117,"column":50}},"62":{"start":{"line":118,"column":6},"end":{"line":118,"column":34}},"63":{"start":{"line":119,"column":6},"end":{"line":121,"column":7}},"64":{"start":{"line":120,"column":8},"end":{"line":120,"column":22}},"65":{"start":{"line":122,"column":6},"end":{"line":122,"column":32}},"66":{"start":{"line":124,"column":4},"end":{"line":124,"column":46}},"67":{"start":{"line":125,"column":19},"end":{"line":125,"column":60}},"68":{"start":{"line":126,"column":4},"end":{"line":129,"column":5}},"69":{"start":{"line":127,"column":6},"end":{"line":127,"column":50}},"70":{"start":{"line":128,"column":6},"end":{"line":128,"column":34}},"71":{"start":{"line":130,"column":4},"end":{"line":130,"column":17}},"72":{"start":{"line":133,"column":26},"end":{"line":149,"column":3}},"73":{"start":{"line":134,"column":19},"end":{"line":134,"column":65}},"74":{"start":{"line":135,"column":4},"end":{"line":139,"column":5}},"75":{"start":{"line":136,"column":6},"end":{"line":136,"column":18}},"76":{"start":{"line":137,"column":6},"end":{"line":137,"column":19}},"77":{"start":{"line":138,"column":6},"end":{"line":138,"column":32}},"78":{"start":{"line":140,"column":4},"end":{"line":140,"column":32}},"79":{"start":{"line":141,"column":4},"end":{"line":141,"column":46}},"80":{"start":{"line":142,"column":19},"end":{"line":142,"column":60}},"81":{"start":{"line":143,"column":4},"end":{"line":145,"column":5}},"82":{"start":{"line":144,"column":6},"end":{"line":144,"column":19}},"83":{"start":{"line":146,"column":4},"end":{"line":146,"column":42}},"84":{"start":{"line":147,"column":4},"end":{"line":147,"column":26}},"85":{"start":{"line":148,"column":4},"end":{"line":148,"column":17}},"86":{"start":{"line":151,"column":28},"end":{"line":156,"column":3}},"87":{"start":{"line":152,"column":25},"end":{"line":152,"column":55}},"88":{"start":{"line":153,"column":4},"end":{"line":153,"column":58}},"89":{"start":{"line":154,"column":19},"end":{"line":154,"column":72}},"90":{"start":{"line":155,"column":4},"end":{"line":155,"column":17}},"91":{"start":{"line":158,"column":23},"end":{"line":179,"column":3}},"92":{"start":{"line":160,"column":4},"end":{"line":168,"column":5}},"93":{"start":{"line":161,"column":6},"end":{"line":161,"column":47}},"94":{"start":{"line":162,"column":11},"end":{"line":168,"column":5}},"95":{"start":{"line":163,"column":6},"end":{"line":163,"column":40}},"96":{"start":{"line":164,"column":11},"end":{"line":168,"column":5}},"97":{"start":{"line":165,"column":6},"end":{"line":165,"column":37}},"98":{"start":{"line":166,"column":11},"end":{"line":168,"column":5}},"99":{"start":{"line":167,"column":6},"end":{"line":167,"column":39}},"100":{"start":{"line":169,"column":4},"end":{"line":172,"column":5}},"101":{"start":{"line":170,"column":6},"end":{"line":170,"column":44}},"102":{"start":{"line":171,"column":6},"end":{"line":171,"column":28}},"103":{"start":{"line":173,"column":4},"end":{"line":177,"column":5}},"104":{"start":{"line":174,"column":6},"end":{"line":174,"column":20}},"105":{"start":{"line":175,"column":6},"end":{"line":175,"column":18}},"106":{"start":{"line":176,"column":6},"end":{"line":176,"column":19}},"107":{"start":{"line":178,"column":4},"end":{"line":178,"column":17}},"108":{"start":{"line":181,"column":23},"end":{"line":181,"column":51}},"109":{"start":{"line":181,"column":34},"end":{"line":181,"column":49}},"110":{"start":{"line":183,"column":2},"end":{"line":189,"column":3}},"111":{"start":{"line":186,"column":23},"end":{"line":186,"column":39}},"112":{"start":{"line":187,"column":18},"end":{"line":187,"column":38}},"113":{"start":{"line":188,"column":18},"end":{"line":188,"column":38}}},"fnMap":{"0":{"name":"(anonymous_0)","decl":{"start":{"line":13,"column":8},"end":{"line":13,"column":9}},"loc":{"start":{"line":13,"column":19},"end":{"line":13,"column":34}},"line":13},"1":{"name":"(anonymous_1)","decl":{"start":{"line":14,"column":9},"end":{"line":14,"column":10}},"loc":{"start":{"line":14,"column":20},"end":{"line":14,"column":35}},"line":14},"2":{"name":"(anonymous_2)","decl":{"start":{"line":15,"column":7},"end":{"line":15,"column":8}},"loc":{"start":{"line":15,"column":18},"end":{"line":15,"column":33}},"line":15},"3":{"name":"(anonymous_3)","decl":{"start":{"line":16,"column":10},"end":{"line":16,"column":11}},"loc":{"start":{"line":16,"column":21},"end":{"line":16,"column":36}},"line":16},"4":{"name":"(anonymous_4)","decl":{"start":{"line":19,"column":30},"end":{"line":19,"column":31}},"loc":{"start":{"line":19,"column":45},"end":{"line":32,"column":1}},"line":19},"5":{"name":"(anonymous_5)","decl":{"start":{"line":34,"column":26},"end":{"line":34,"column":27}},"loc":{"start":{"line":35,"column":2},"end":{"line":37,"column":11}},"line":35},"6":{"name":"(anonymous_6)","decl":{"start":{"line":39,"column":28},"end":{"line":39,"column":29}},"loc":{"start":{"line":39,"column":57},"end":{"line":46,"column":1}},"line":39},"7":{"name":"(anonymous_7)","decl":{"start":{"line":41,"column":25},"end":{"line":41,"column":26}},"loc":{"start":{"line":42,"column":4},"end":{"line":44,"column":10}},"line":42},"8":{"name":"(anonymous_8)","decl":{"start":{"line":53,"column":24},"end":{"line":53,"column":25}},"loc":{"start":{"line":53,"column":30},"end":{"line":190,"column":1}},"line":53},"9":{"name":"(anonymous_9)","decl":{"start":{"line":59,"column":34},"end":{"line":59,"column":35}},"loc":{"start":{"line":59,"column":45},"end":{"line":65,"column":3}},"line":59},"10":{"name":"(anonymous_10)","decl":{"start":{"line":67,"column":28},"end":{"line":67,"column":29}},"loc":{"start":{"line":67,"column":45},"end":{"line":83,"column":3}},"line":67},"11":{"name":"(anonymous_11)","decl":{"start":{"line":85,"column":27},"end":{"line":85,"column":28}},"loc":{"start":{"line":85,"column":33},"end":{"line":106,"column":3}},"line":85},"12":{"name":"(anonymous_12)","decl":{"start":{"line":108,"column":30},"end":{"line":108,"column":31}},"loc":{"start":{"line":108,"column":47},"end":{"line":112,"column":3}},"line":108},"13":{"name":"(anonymous_13)","decl":{"start":{"line":114,"column":29},"end":{"line":114,"column":30}},"loc":{"start":{"line":114,"column":40},"end":{"line":131,"column":3}},"line":114},"14":{"name":"(anonymous_14)","decl":{"start":{"line":133,"column":26},"end":{"line":133,"column":27}},"loc":{"start":{"line":133,"column":37},"end":{"line":149,"column":3}},"line":133},"15":{"name":"(anonymous_15)","decl":{"start":{"line":151,"column":28},"end":{"line":151,"column":29}},"loc":{"start":{"line":151,"column":39},"end":{"line":156,"column":3}},"line":151},"16":{"name":"(anonymous_16)","decl":{"start":{"line":158,"column":23},"end":{"line":158,"column":24}},"loc":{"start":{"line":158,"column":40},"end":{"line":179,"column":3}},"line":158},"17":{"name":"(anonymous_17)","decl":{"start":{"line":181,"column":23},"end":{"line":181,"column":24}},"loc":{"start":{"line":181,"column":32},"end":{"line":181,"column":51}},"line":181},"18":{"name":"(anonymous_18)","decl":{"start":{"line":186,"column":4},"end":{"line":186,"column":5}},"loc":{"start":{"line":186,"column":21},"end":{"line":186,"column":41}},"line":186},"19":{"name":"(anonymous_19)","decl":{"start":{"line":187,"column":4},"end":{"line":187,"column":5}},"loc":{"start":{"line":187,"column":16},"end":{"line":187,"column":40}},"line":187},"20":{"name":"(anonymous_20)","decl":{"start":{"line":188,"column":4},"end":{"line":188,"column":5}},"loc":{"start":{"line":188,"column":16},"end":{"line":188,"column":40}},"line":188}},"branchMap":{"0":{"loc":{"start":{"line":20,"column":2},"end":{"line":31,"column":3}},"type":"switch","locations":[{"start":{"line":21,"column":4},"end":{"line":22,"column":20}},{"start":{"line":23,"column":4},"end":{"line":24,"column":19}},{"start":{"line":25,"column":4},"end":{"line":26,"column":21}},{"start":{"line":27,"column":4},"end":{"line":28,"column":18}},{"start":{"line":29,"column":4},"end":{"line":30,"column":15}}],"line":20},"1":{"loc":{"start":{"line":35,"column":2},"end":{"line":37,"column":11}},"type":"cond-expr","locations":[{"start":{"line":36,"column":6},"end":{"line":36,"column":37}},{"start":{"line":37,"column":6},"end":{"line":37,"column":11}}],"line":35},"2":{"loc":{"start":{"line":40,"column":23},"end":{"line":40,"column":40}},"type":"cond-expr","locations":[{"start":{"line":40,"column":33},"end":{"line":40,"column":35}},{"start":{"line":40,"column":38},"end":{"line":40,"column":40}}],"line":40},"3":{"loc":{"start":{"line":42,"column":4},"end":{"line":44,"column":10}},"type":"cond-expr","locations":[{"start":{"line":43,"column":6},"end":{"line":43,"column":10}},{"start":{"line":44,"column":6},"end":{"line":44,"column":10}}],"line":42},"4":{"loc":{"start":{"line":72,"column":11},"end":{"line":72,"column":64}},"type":"binary-expr","locations":[{"start":{"line":72,"column":11},"end":{"line":72,"column":39}},{"start":{"line":72,"column":43},"end":{"line":72,"column":64}}],"line":72},"5":{"loc":{"start":{"line":79,"column":4},"end":{"line":81,"column":5}},"type":"if","locations":[{"start":{"line":79,"column":4},"end":{"line":81,"column":5}},{"start":{},"end":{}}],"line":79},"6":{"loc":{"start":{"line":90,"column":4},"end":{"line":105,"column":5}},"type":"switch","locations":[{"start":{"line":91,"column":6},"end":{"line":96,"column":20}},{"start":{"line":97,"column":6},"end":{"line":102,"column":19}},{"start":{"line":103,"column":6},"end":{"line":104,"column":17}}],"line":90},"7":{"loc":{"start":{"line":94,"column":15},"end":{"line":96,"column":20}},"type":"cond-expr","locations":[{"start":{"line":95,"column":12},"end":{"line":95,"column":21}},{"start":{"line":96,"column":12},"end":{"line":96,"column":20}}],"line":94},"8":{"loc":{"start":{"line":100,"column":15},"end":{"line":102,"column":19}},"type":"cond-expr","locations":[{"start":{"line":101,"column":12},"end":{"line":101,"column":22}},{"start":{"line":102,"column":12},"end":{"line":102,"column":19}}],"line":100},"9":{"loc":{"start":{"line":116,"column":4},"end":{"line":123,"column":5}},"type":"if","locations":[{"start":{"line":116,"column":4},"end":{"line":123,"column":5}},{"start":{},"end":{}}],"line":116},"10":{"loc":{"start":{"line":119,"column":6},"end":{"line":121,"column":7}},"type":"if","locations":[{"start":{"line":119,"column":6},"end":{"line":121,"column":7}},{"start":{},"end":{}}],"line":119},"11":{"loc":{"start":{"line":126,"column":4},"end":{"line":129,"column":5}},"type":"if","locations":[{"start":{"line":126,"column":4},"end":{"line":129,"column":5}},{"start":{},"end":{}}],"line":126},"12":{"loc":{"start":{"line":135,"column":4},"end":{"line":139,"column":5}},"type":"if","locations":[{"start":{"line":135,"column":4},"end":{"line":139,"column":5}},{"start":{},"end":{}}],"line":135},"13":{"loc":{"start":{"line":143,"column":4},"end":{"line":145,"column":5}},"type":"if","locations":[{"start":{"line":143,"column":4},"end":{"line":145,"column":5}},{"start":{},"end":{}}],"line":143},"14":{"loc":{"start":{"line":160,"column":4},"end":{"line":168,"column":5}},"type":"if","locations":[{"start":{"line":160,"column":4},"end":{"line":168,"column":5}},{"start":{"line":162,"column":11},"end":{"line":168,"column":5}}],"line":160},"15":{"loc":{"start":{"line":160,"column":8},"end":{"line":160,"column":14}},"type":"binary-expr","locations":[{"start":{"line":160,"column":8},"end":{"line":160,"column":9}},{"start":{"line":160,"column":13},"end":{"line":160,"column":14}}],"line":160},"16":{"loc":{"start":{"line":162,"column":11},"end":{"line":168,"column":5}},"type":"if","locations":[{"start":{"line":162,"column":11},"end":{"line":168,"column":5}},{"start":{"line":164,"column":11},"end":{"line":168,"column":5}}],"line":162},"17":{"loc":{"start":{"line":162,"column":15},"end":{"line":162,"column":57}},"type":"binary-expr","locations":[{"start":{"line":162,"column":15},"end":{"line":162,"column":24}},{"start":{"line":162,"column":28},"end":{"line":162,"column":37}},{"start":{"line":162,"column":41},"end":{"line":162,"column":57}}],"line":162},"18":{"loc":{"start":{"line":164,"column":11},"end":{"line":168,"column":5}},"type":"if","locations":[{"start":{"line":164,"column":11},"end":{"line":168,"column":5}},{"start":{"line":166,"column":11},"end":{"line":168,"column":5}}],"line":164},"19":{"loc":{"start":{"line":164,"column":15},"end":{"line":164,"column":37}},"type":"binary-expr","locations":[{"start":{"line":164,"column":15},"end":{"line":164,"column":24}},{"start":{"line":164,"column":28},"end":{"line":164,"column":37}}],"line":164},"20":{"loc":{"start":{"line":166,"column":11},"end":{"line":168,"column":5}},"type":"if","locations":[{"start":{"line":166,"column":11},"end":{"line":168,"column":5}},{"start":{},"end":{}}],"line":166},"21":{"loc":{"start":{"line":166,"column":17},"end":{"line":166,"column":39}},"type":"binary-expr","locations":[{"start":{"line":166,"column":17},"end":{"line":166,"column":26}},{"start":{"line":166,"column":30},"end":{"line":166,"column":39}}],"line":166},"22":{"loc":{"start":{"line":169,"column":4},"end":{"line":172,"column":5}},"type":"if","locations":[{"start":{"line":169,"column":4},"end":{"line":172,"column":5}},{"start":{},"end":{}}],"line":169},"23":{"loc":{"start":{"line":173,"column":4},"end":{"line":177,"column":5}},"type":"if","locations":[{"start":{"line":173,"column":4},"end":{"line":177,"column":5}},{"start":{},"end":{}}],"line":173}},"s":{"0":1,"1":6,"2":8,"3":7,"4":6,"5":1,"6":3,"7":1,"8":0,"9":2,"10":0,"11":0,"12":1,"13":3,"14":1,"15":6,"16":6,"17":4,"18":1,"19":1,"20":1,"21":1,"22":1,"23":8,"24":8,"25":8,"26":8,"27":8,"28":1,"29":1,"30":0,"31":1,"32":8,"33":5,"34":5,"35":5,"36":5,"37":10,"38":10,"39":10,"40":10,"41":10,"42":5,"43":0,"44":5,"45":8,"46":3,"47":1,"48":1,"49":1,"50":2,"51":2,"52":2,"53":0,"54":8,"55":8,"56":8,"57":8,"58":8,"59":12,"60":12,"61":0,"62":0,"63":0,"64":0,"65":0,"66":12,"67":12,"68":12,"69":3,"70":3,"71":12,"72":8,"73":5,"74":5,"75":0,"76":0,"77":0,"78":5,"79":5,"80":5,"81":5,"82":1,"83":4,"84":4,"85":4,"86":8,"87":1,"88":1,"89":1,"90":1,"91":8,"92":26,"93":8,"94":18,"95":12,"96":6,"97":5,"98":1,"99":1,"100":26,"101":16,"102":16,"103":26,"104":5,"105":5,"106":5,"107":26,"108":8,"109":3,"110":8,"111":0,"112":0,"113":0},"f":{"0":6,"1":8,"2":7,"3":6,"4":3,"5":3,"6":6,"7":4,"8":8,"9":1,"10":5,"11":3,"12":8,"13":12,"14":5,"15":1,"16":26,"17":3,"18":0,"19":0,"20":0},"b":{"0":[1,0,2,0,0],"1":[2,1],"2":[3,3],"3":[2,2],"4":[15,10],"5":[0,5],"6":[1,2,0],"7":[1,0],"8":[2,0],"9":[0,12],"10":[0,0],"11":[3,9],"12":[0,5],"13":[1,4],"14":[8,18],"15":[26,8],"16":[12,6],"17":[18,17,17],"18":[5,1],"19":[6,5],"20":[1,0],"21":[1,0],"22":[16,10],"23":[5,21]},"_coverageSchema":"1a1c01bbd47fc00a2c39e90264f33305004495a9","hash":"f71b5a41dbed85620c637e644aa7af7611d006a5"}
,"/home/rds/Personal/TOP/battleship/src/factories/gameboard.js": {"path":"/home/rds/Personal/TOP/battleship/src/factories/gameboard.js","statementMap":{"0":{"start":{"line":9,"column":19},"end":{"line":9,"column":55}},"1":{"start":{"line":9,"column":25},"end":{"line":9,"column":55}},"2":{"start":{"line":9,"column":38},"end":{"line":9,"column":50}},"3":{"start":{"line":10,"column":25},"end":{"line":10,"column":53}},"4":{"start":{"line":10,"column":31},"end":{"line":10,"column":53}},"5":{"start":{"line":12,"column":19},"end":{"line":19,"column":2}},"6":{"start":{"line":13,"column":17},"end":{"line":13,"column":27}},"7":{"start":{"line":14,"column":2},"end":{"line":17,"column":3}},"8":{"start":{"line":14,"column":15},"end":{"line":14,"column":16}},"9":{"start":{"line":15,"column":21},"end":{"line":15,"column":41}},"10":{"start":{"line":16,"column":4},"end":{"line":16,"column":24}},"11":{"start":{"line":18,"column":2},"end":{"line":18,"column":15}},"12":{"start":{"line":21,"column":25},"end":{"line":23,"column":1}},"13":{"start":{"line":22,"column":2},"end":{"line":22,"column":26}},"14":{"start":{"line":25,"column":25},"end":{"line":269,"column":1}},"15":{"start":{"line":26,"column":16},"end":{"line":26,"column":18}},"16":{"start":{"line":27,"column":17},"end":{"line":27,"column":19}},"17":{"start":{"line":28,"column":14},"end":{"line":28,"column":28}},"18":{"start":{"line":29,"column":14},"end":{"line":29,"column":32}},"19":{"start":{"line":31,"column":20},"end":{"line":31,"column":37}},"20":{"start":{"line":32,"column":19},"end":{"line":32,"column":41}},"21":{"start":{"line":33,"column":21},"end":{"line":33,"column":45}},"22":{"start":{"line":34,"column":18},"end":{"line":34,"column":39}},"23":{"start":{"line":35,"column":19},"end":{"line":35,"column":41}},"24":{"start":{"line":36,"column":21},"end":{"line":36,"column":50}},"25":{"start":{"line":38,"column":20},"end":{"line":39,"column":93}},"26":{"start":{"line":39,"column":4},"end":{"line":39,"column":93}},"27":{"start":{"line":39,"column":25},"end":{"line":39,"column":92}},"28":{"start":{"line":39,"column":57},"end":{"line":39,"column":91}},"29":{"start":{"line":41,"column":23},"end":{"line":41,"column":46}},"30":{"start":{"line":41,"column":33},"end":{"line":41,"column":46}},"31":{"start":{"line":43,"column":22},"end":{"line":43,"column":45}},"32":{"start":{"line":43,"column":32},"end":{"line":43,"column":45}},"33":{"start":{"line":45,"column":24},"end":{"line":48,"column":10}},"34":{"start":{"line":45,"column":30},"end":{"line":48,"column":10}},"35":{"start":{"line":50,"column":24},"end":{"line":55,"column":10}},"36":{"start":{"line":50,"column":30},"end":{"line":55,"column":10}},"37":{"start":{"line":54,"column":19},"end":{"line":54,"column":43}},"38":{"start":{"line":57,"column":19},"end":{"line":57,"column":39}},"39":{"start":{"line":59,"column":22},"end":{"line":59,"column":52}},"40":{"start":{"line":59,"column":28},"end":{"line":59,"column":52}},"41":{"start":{"line":61,"column":22},"end":{"line":84,"column":3}},"42":{"start":{"line":62,"column":26},"end":{"line":62,"column":41}},"43":{"start":{"line":63,"column":4},"end":{"line":72,"column":5}},"44":{"start":{"line":64,"column":19},"end":{"line":64,"column":27}},"45":{"start":{"line":65,"column":6},"end":{"line":71,"column":7}},"46":{"start":{"line":65,"column":19},"end":{"line":65,"column":20}},"47":{"start":{"line":66,"column":8},"end":{"line":70,"column":9}},"48":{"start":{"line":66,"column":21},"end":{"line":66,"column":22}},"49":{"start":{"line":67,"column":10},"end":{"line":69,"column":11}},"50":{"start":{"line":68,"column":12},"end":{"line":68,"column":23}},"51":{"start":{"line":73,"column":4},"end":{"line":82,"column":5}},"52":{"start":{"line":74,"column":19},"end":{"line":74,"column":27}},"53":{"start":{"line":75,"column":6},"end":{"line":81,"column":7}},"54":{"start":{"line":75,"column":19},"end":{"line":75,"column":20}},"55":{"start":{"line":76,"column":8},"end":{"line":80,"column":9}},"56":{"start":{"line":76,"column":21},"end":{"line":76,"column":22}},"57":{"start":{"line":77,"column":10},"end":{"line":79,"column":11}},"58":{"start":{"line":78,"column":12},"end":{"line":78,"column":23}},"59":{"start":{"line":83,"column":4},"end":{"line":83,"column":16}},"60":{"start":{"line":86,"column":23},"end":{"line":92,"column":3}},"61":{"start":{"line":87,"column":4},"end":{"line":90,"column":5}},"62":{"start":{"line":89,"column":6},"end":{"line":89,"column":17}},"63":{"start":{"line":91,"column":4},"end":{"line":91,"column":16}},"64":{"start":{"line":94,"column":24},"end":{"line":100,"column":3}},"65":{"start":{"line":95,"column":21},"end":{"line":95,"column":43}},"66":{"start":{"line":96,"column":16},"end":{"line":96,"column":25}},"67":{"start":{"line":97,"column":4},"end":{"line":99,"column":12}},"68":{"start":{"line":102,"column":29},"end":{"line":155,"column":3}},"69":{"start":{"line":103,"column":4},"end":{"line":127,"column":5}},"70":{"start":{"line":104,"column":19},"end":{"line":104,"column":27}},"71":{"start":{"line":106,"column":6},"end":{"line":112,"column":7}},"72":{"start":{"line":106,"column":19},"end":{"line":106,"column":20}},"73":{"start":{"line":107,"column":24},"end":{"line":107,"column":47}},"74":{"start":{"line":108,"column":27},"end":{"line":108,"column":50}},"75":{"start":{"line":109,"column":8},"end":{"line":111,"column":9}},"76":{"start":{"line":110,"column":10},"end":{"line":110,"column":21}},"77":{"start":{"line":114,"column":23},"end":{"line":114,"column":46}},"78":{"start":{"line":115,"column":24},"end":{"line":115,"column":46}},"79":{"start":{"line":116,"column":6},"end":{"line":118,"column":7}},"80":{"start":{"line":117,"column":8},"end":{"line":117,"column":19}},"81":{"start":{"line":120,"column":22},"end":{"line":120,"column":49}},"82":{"start":{"line":121,"column":25},"end":{"line":121,"column":52}},"83":{"start":{"line":122,"column":23},"end":{"line":122,"column":49}},"84":{"start":{"line":123,"column":26},"end":{"line":123,"column":52}},"85":{"start":{"line":124,"column":6},"end":{"line":126,"column":7}},"86":{"start":{"line":125,"column":8},"end":{"line":125,"column":19}},"87":{"start":{"line":129,"column":4},"end":{"line":153,"column":5}},"88":{"start":{"line":130,"column":19},"end":{"line":130,"column":27}},"89":{"start":{"line":132,"column":22},"end":{"line":132,"column":45}},"90":{"start":{"line":133,"column":25},"end":{"line":133,"column":47}},"91":{"start":{"line":134,"column":6},"end":{"line":136,"column":7}},"92":{"start":{"line":135,"column":8},"end":{"line":135,"column":19}},"93":{"start":{"line":138,"column":6},"end":{"line":144,"column":7}},"94":{"start":{"line":138,"column":19},"end":{"line":138,"column":20}},"95":{"start":{"line":139,"column":25},"end":{"line":139,"column":48}},"96":{"start":{"line":140,"column":26},"end":{"line":140,"column":49}},"97":{"start":{"line":141,"column":8},"end":{"line":143,"column":9}},"98":{"start":{"line":142,"column":10},"end":{"line":142,"column":21}},"99":{"start":{"line":146,"column":22},"end":{"line":146,"column":49}},"100":{"start":{"line":147,"column":23},"end":{"line":147,"column":50}},"101":{"start":{"line":148,"column":25},"end":{"line":148,"column":51}},"102":{"start":{"line":149,"column":26},"end":{"line":149,"column":52}},"103":{"start":{"line":150,"column":6},"end":{"line":152,"column":7}},"104":{"start":{"line":151,"column":8},"end":{"line":151,"column":19}},"105":{"start":{"line":154,"column":4},"end":{"line":154,"column":16}},"106":{"start":{"line":157,"column":31},"end":{"line":168,"column":3}},"107":{"start":{"line":158,"column":4},"end":{"line":167,"column":5}},"108":{"start":{"line":170,"column":23},"end":{"line":171,"column":57}},"109":{"start":{"line":171,"column":4},"end":{"line":171,"column":57}},"110":{"start":{"line":171,"column":20},"end":{"line":171,"column":47}},"111":{"start":{"line":173,"column":28},"end":{"line":182,"column":3}},"112":{"start":{"line":174,"column":22},"end":{"line":174,"column":37}},"113":{"start":{"line":175,"column":4},"end":{"line":181,"column":16}},"114":{"start":{"line":178,"column":23},"end":{"line":178,"column":54}},"115":{"start":{"line":184,"column":26},"end":{"line":188,"column":3}},"116":{"start":{"line":185,"column":4},"end":{"line":187,"column":35}},"117":{"start":{"line":190,"column":16},"end":{"line":197,"column":3}},"118":{"start":{"line":191,"column":4},"end":{"line":191,"column":44}},"119":{"start":{"line":191,"column":38},"end":{"line":191,"column":44}},"120":{"start":{"line":193,"column":17},"end":{"line":193,"column":40}},"121":{"start":{"line":194,"column":4},"end":{"line":194,"column":20}},"122":{"start":{"line":195,"column":4},"end":{"line":195,"column":35}},"123":{"start":{"line":196,"column":4},"end":{"line":196,"column":15}},"124":{"start":{"line":199,"column":24},"end":{"line":215,"column":3}},"125":{"start":{"line":200,"column":21},"end":{"line":200,"column":43}},"126":{"start":{"line":201,"column":16},"end":{"line":201,"column":25}},"127":{"start":{"line":202,"column":4},"end":{"line":213,"column":5}},"128":{"start":{"line":203,"column":6},"end":{"line":212,"column":7}},"129":{"start":{"line":206,"column":10},"end":{"line":206,"column":21}},"130":{"start":{"line":211,"column":10},"end":{"line":211,"column":22}},"131":{"start":{"line":214,"column":4},"end":{"line":214,"column":16}},"132":{"start":{"line":217,"column":24},"end":{"line":232,"column":3}},"133":{"start":{"line":218,"column":20},"end":{"line":218,"column":35}},"134":{"start":{"line":219,"column":4},"end":{"line":223,"column":5}},"135":{"start":{"line":220,"column":6},"end":{"line":220,"column":27}},"136":{"start":{"line":221,"column":6},"end":{"line":221,"column":36}},"137":{"start":{"line":222,"column":6},"end":{"line":222,"column":12}},"138":{"start":{"line":224,"column":28},"end":{"line":224,"column":102}},"139":{"start":{"line":224,"column":49},"end":{"line":224,"column":83}},"140":{"start":{"line":225,"column":4},"end":{"line":225,"column":32}},"141":{"start":{"line":226,"column":4},"end":{"line":231,"column":5}},"142":{"start":{"line":227,"column":6},"end":{"line":227,"column":40}},"143":{"start":{"line":228,"column":6},"end":{"line":228,"column":45}},"144":{"start":{"line":230,"column":6},"end":{"line":230,"column":33}},"145":{"start":{"line":234,"column":26},"end":{"line":252,"column":3}},"146":{"start":{"line":235,"column":19},"end":{"line":235,"column":27}},"147":{"start":{"line":236,"column":25},"end":{"line":236,"column":44}},"148":{"start":{"line":239,"column":4},"end":{"line":251,"column":5}},"149":{"start":{"line":241,"column":8},"end":{"line":241,"column":57}},"150":{"start":{"line":244,"column":8},"end":{"line":244,"column":30}},"151":{"start":{"line":245,"column":8},"end":{"line":245,"column":50}},"152":{"start":{"line":246,"column":8},"end":{"line":248,"column":68}},"153":{"start":{"line":250,"column":8},"end":{"line":250,"column":61}},"154":{"start":{"line":254,"column":19},"end":{"line":254,"column":53}},"155":{"start":{"line":254,"column":35},"end":{"line":254,"column":51}},"156":{"start":{"line":256,"column":2},"end":{"line":268,"column":3}},"157":{"start":{"line":257,"column":19},"end":{"line":257,"column":31}},"158":{"start":{"line":258,"column":19},"end":{"line":258,"column":31}},"159":{"start":{"line":259,"column":20},"end":{"line":259,"column":33}}},"fnMap":{"0":{"name":"(anonymous_0)","decl":{"start":{"line":9,"column":19},"end":{"line":9,"column":20}},"loc":{"start":{"line":9,"column":25},"end":{"line":9,"column":55}},"line":9},"1":{"name":"(anonymous_1)","decl":{"start":{"line":9,"column":32},"end":{"line":9,"column":33}},"loc":{"start":{"line":9,"column":38},"end":{"line":9,"column":50}},"line":9},"2":{"name":"(anonymous_2)","decl":{"start":{"line":10,"column":25},"end":{"line":10,"column":26}},"loc":{"start":{"line":10,"column":31},"end":{"line":10,"column":53}},"line":10},"3":{"name":"(anonymous_3)","decl":{"start":{"line":12,"column":25},"end":{"line":12,"column":26}},"loc":{"start":{"line":12,"column":51},"end":{"line":19,"column":1}},"line":12},"4":{"name":"(anonymous_4)","decl":{"start":{"line":21,"column":25},"end":{"line":21,"column":26}},"loc":{"start":{"line":21,"column":35},"end":{"line":23,"column":1}},"line":21},"5":{"name":"(anonymous_5)","decl":{"start":{"line":25,"column":25},"end":{"line":25,"column":26}},"loc":{"start":{"line":25,"column":31},"end":{"line":269,"column":1}},"line":25},"6":{"name":"(anonymous_6)","decl":{"start":{"line":38,"column":20},"end":{"line":38,"column":21}},"loc":{"start":{"line":39,"column":4},"end":{"line":39,"column":93}},"line":39},"7":{"name":"(anonymous_7)","decl":{"start":{"line":39,"column":15},"end":{"line":39,"column":16}},"loc":{"start":{"line":39,"column":25},"end":{"line":39,"column":92}},"line":39},"8":{"name":"(anonymous_8)","decl":{"start":{"line":39,"column":44},"end":{"line":39,"column":45}},"loc":{"start":{"line":39,"column":57},"end":{"line":39,"column":91}},"line":39},"9":{"name":"(anonymous_9)","decl":{"start":{"line":41,"column":23},"end":{"line":41,"column":24}},"loc":{"start":{"line":41,"column":33},"end":{"line":41,"column":46}},"line":41},"10":{"name":"(anonymous_10)","decl":{"start":{"line":43,"column":22},"end":{"line":43,"column":23}},"loc":{"start":{"line":43,"column":32},"end":{"line":43,"column":45}},"line":43},"11":{"name":"(anonymous_11)","decl":{"start":{"line":45,"column":24},"end":{"line":45,"column":25}},"loc":{"start":{"line":45,"column":30},"end":{"line":48,"column":10}},"line":45},"12":{"name":"(anonymous_12)","decl":{"start":{"line":50,"column":24},"end":{"line":50,"column":25}},"loc":{"start":{"line":50,"column":30},"end":{"line":55,"column":10}},"line":50},"13":{"name":"(anonymous_13)","decl":{"start":{"line":54,"column":8},"end":{"line":54,"column":9}},"loc":{"start":{"line":54,"column":19},"end":{"line":54,"column":43}},"line":54},"14":{"name":"(anonymous_14)","decl":{"start":{"line":59,"column":22},"end":{"line":59,"column":23}},"loc":{"start":{"line":59,"column":28},"end":{"line":59,"column":52}},"line":59},"15":{"name":"(anonymous_15)","decl":{"start":{"line":61,"column":22},"end":{"line":61,"column":23}},"loc":{"start":{"line":61,"column":38},"end":{"line":84,"column":3}},"line":61},"16":{"name":"(anonymous_16)","decl":{"start":{"line":86,"column":23},"end":{"line":86,"column":24}},"loc":{"start":{"line":86,"column":39},"end":{"line":92,"column":3}},"line":86},"17":{"name":"(anonymous_17)","decl":{"start":{"line":94,"column":24},"end":{"line":94,"column":25}},"loc":{"start":{"line":94,"column":34},"end":{"line":100,"column":3}},"line":94},"18":{"name":"(anonymous_18)","decl":{"start":{"line":102,"column":29},"end":{"line":102,"column":30}},"loc":{"start":{"line":102,"column":45},"end":{"line":155,"column":3}},"line":102},"19":{"name":"(anonymous_19)","decl":{"start":{"line":157,"column":31},"end":{"line":157,"column":32}},"loc":{"start":{"line":157,"column":45},"end":{"line":168,"column":3}},"line":157},"20":{"name":"(anonymous_20)","decl":{"start":{"line":170,"column":23},"end":{"line":170,"column":24}},"loc":{"start":{"line":171,"column":4},"end":{"line":171,"column":57}},"line":171},"21":{"name":"(anonymous_21)","decl":{"start":{"line":171,"column":9},"end":{"line":171,"column":10}},"loc":{"start":{"line":171,"column":20},"end":{"line":171,"column":47}},"line":171},"22":{"name":"(anonymous_22)","decl":{"start":{"line":173,"column":28},"end":{"line":173,"column":29}},"loc":{"start":{"line":173,"column":34},"end":{"line":182,"column":3}},"line":173},"23":{"name":"(anonymous_23)","decl":{"start":{"line":178,"column":13},"end":{"line":178,"column":14}},"loc":{"start":{"line":178,"column":23},"end":{"line":178,"column":54}},"line":178},"24":{"name":"(anonymous_24)","decl":{"start":{"line":184,"column":26},"end":{"line":184,"column":27}},"loc":{"start":{"line":185,"column":4},"end":{"line":187,"column":35}},"line":185},"25":{"name":"(anonymous_25)","decl":{"start":{"line":190,"column":16},"end":{"line":190,"column":17}},"loc":{"start":{"line":190,"column":32},"end":{"line":197,"column":3}},"line":190},"26":{"name":"(anonymous_26)","decl":{"start":{"line":199,"column":24},"end":{"line":199,"column":25}},"loc":{"start":{"line":199,"column":34},"end":{"line":215,"column":3}},"line":199},"27":{"name":"(anonymous_27)","decl":{"start":{"line":217,"column":24},"end":{"line":217,"column":25}},"loc":{"start":{"line":217,"column":34},"end":{"line":232,"column":3}},"line":217},"28":{"name":"(anonymous_28)","decl":{"start":{"line":224,"column":38},"end":{"line":224,"column":39}},"loc":{"start":{"line":224,"column":49},"end":{"line":224,"column":83}},"line":224},"29":{"name":"(anonymous_29)","decl":{"start":{"line":234,"column":26},"end":{"line":234,"column":27}},"loc":{"start":{"line":234,"column":36},"end":{"line":252,"column":3}},"line":234},"30":{"name":"(anonymous_30)","decl":{"start":{"line":254,"column":19},"end":{"line":254,"column":20}},"loc":{"start":{"line":254,"column":33},"end":{"line":254,"column":53}},"line":254},"31":{"name":"(anonymous_31)","decl":{"start":{"line":257,"column":4},"end":{"line":257,"column":5}},"loc":{"start":{"line":257,"column":17},"end":{"line":257,"column":33}},"line":257},"32":{"name":"(anonymous_32)","decl":{"start":{"line":258,"column":4},"end":{"line":258,"column":5}},"loc":{"start":{"line":258,"column":17},"end":{"line":258,"column":33}},"line":258},"33":{"name":"(anonymous_33)","decl":{"start":{"line":259,"column":4},"end":{"line":259,"column":5}},"loc":{"start":{"line":259,"column":18},"end":{"line":259,"column":35}},"line":259}},"branchMap":{"0":{"loc":{"start":{"line":39,"column":57},"end":{"line":39,"column":91}},"type":"binary-expr","locations":[{"start":{"line":39,"column":57},"end":{"line":39,"column":72}},{"start":{"line":39,"column":76},"end":{"line":39,"column":91}}],"line":39},"1":{"loc":{"start":{"line":63,"column":4},"end":{"line":72,"column":5}},"type":"if","locations":[{"start":{"line":63,"column":4},"end":{"line":72,"column":5}},{"start":{},"end":{}}],"line":63},"2":{"loc":{"start":{"line":63,"column":8},"end":{"line":63,"column":60}},"type":"binary-expr","locations":[{"start":{"line":63,"column":8},"end":{"line":63,"column":32}},{"start":{"line":63,"column":36},"end":{"line":63,"column":60}}],"line":63},"3":{"loc":{"start":{"line":67,"column":10},"end":{"line":69,"column":11}},"type":"if","locations":[{"start":{"line":67,"column":10},"end":{"line":69,"column":11}},{"start":{},"end":{}}],"line":67},"4":{"loc":{"start":{"line":67,"column":14},"end":{"line":67,"column":66}},"type":"binary-expr","locations":[{"start":{"line":67,"column":14},"end":{"line":67,"column":38}},{"start":{"line":67,"column":42},"end":{"line":67,"column":66}}],"line":67},"5":{"loc":{"start":{"line":73,"column":4},"end":{"line":82,"column":5}},"type":"if","locations":[{"start":{"line":73,"column":4},"end":{"line":82,"column":5}},{"start":{},"end":{}}],"line":73},"6":{"loc":{"start":{"line":73,"column":8},"end":{"line":73,"column":58}},"type":"binary-expr","locations":[{"start":{"line":73,"column":8},"end":{"line":73,"column":30}},{"start":{"line":73,"column":34},"end":{"line":73,"column":58}}],"line":73},"7":{"loc":{"start":{"line":77,"column":10},"end":{"line":79,"column":11}},"type":"if","locations":[{"start":{"line":77,"column":10},"end":{"line":79,"column":11}},{"start":{},"end":{}}],"line":77},"8":{"loc":{"start":{"line":77,"column":14},"end":{"line":77,"column":66}},"type":"binary-expr","locations":[{"start":{"line":77,"column":14},"end":{"line":77,"column":38}},{"start":{"line":77,"column":42},"end":{"line":77,"column":66}}],"line":77},"9":{"loc":{"start":{"line":87,"column":4},"end":{"line":90,"column":5}},"type":"if","locations":[{"start":{"line":87,"column":4},"end":{"line":90,"column":5}},{"start":{},"end":{}}],"line":87},"10":{"loc":{"start":{"line":87,"column":8},"end":{"line":88,"column":51}},"type":"binary-expr","locations":[{"start":{"line":87,"column":9},"end":{"line":87,"column":33}},{"start":{"line":87,"column":37},"end":{"line":87,"column":52}},{"start":{"line":88,"column":9},"end":{"line":88,"column":31}},{"start":{"line":88,"column":35},"end":{"line":88,"column":50}}],"line":87},"11":{"loc":{"start":{"line":97,"column":11},"end":{"line":99,"column":12}},"type":"cond-expr","locations":[{"start":{"line":98,"column":8},"end":{"line":98,"column":21}},{"start":{"line":99,"column":8},"end":{"line":99,"column":12}}],"line":97},"12":{"loc":{"start":{"line":103,"column":4},"end":{"line":127,"column":5}},"type":"if","locations":[{"start":{"line":103,"column":4},"end":{"line":127,"column":5}},{"start":{},"end":{}}],"line":103},"13":{"loc":{"start":{"line":109,"column":8},"end":{"line":111,"column":9}},"type":"if","locations":[{"start":{"line":109,"column":8},"end":{"line":111,"column":9}},{"start":{},"end":{}}],"line":109},"14":{"loc":{"start":{"line":116,"column":6},"end":{"line":118,"column":7}},"type":"if","locations":[{"start":{"line":116,"column":6},"end":{"line":118,"column":7}},{"start":{},"end":{}}],"line":116},"15":{"loc":{"start":{"line":124,"column":6},"end":{"line":126,"column":7}},"type":"if","locations":[{"start":{"line":124,"column":6},"end":{"line":126,"column":7}},{"start":{},"end":{}}],"line":124},"16":{"loc":{"start":{"line":129,"column":4},"end":{"line":153,"column":5}},"type":"if","locations":[{"start":{"line":129,"column":4},"end":{"line":153,"column":5}},{"start":{},"end":{}}],"line":129},"17":{"loc":{"start":{"line":134,"column":6},"end":{"line":136,"column":7}},"type":"if","locations":[{"start":{"line":134,"column":6},"end":{"line":136,"column":7}},{"start":{},"end":{}}],"line":134},"18":{"loc":{"start":{"line":141,"column":8},"end":{"line":143,"column":9}},"type":"if","locations":[{"start":{"line":141,"column":8},"end":{"line":143,"column":9}},{"start":{},"end":{}}],"line":141},"19":{"loc":{"start":{"line":150,"column":6},"end":{"line":152,"column":7}},"type":"if","locations":[{"start":{"line":150,"column":6},"end":{"line":152,"column":7}},{"start":{},"end":{}}],"line":150},"20":{"loc":{"start":{"line":171,"column":20},"end":{"line":171,"column":47}},"type":"binary-expr","locations":[{"start":{"line":171,"column":20},"end":{"line":171,"column":32}},{"start":{"line":171,"column":36},"end":{"line":171,"column":47}}],"line":171},"21":{"loc":{"start":{"line":185,"column":4},"end":{"line":187,"column":35}},"type":"binary-expr","locations":[{"start":{"line":185,"column":4},"end":{"line":185,"column":28}},{"start":{"line":186,"column":4},"end":{"line":186,"column":29}},{"start":{"line":187,"column":4},"end":{"line":187,"column":35}}],"line":185},"22":{"loc":{"start":{"line":191,"column":4},"end":{"line":191,"column":44}},"type":"if","locations":[{"start":{"line":191,"column":4},"end":{"line":191,"column":44}},{"start":{},"end":{}}],"line":191},"23":{"loc":{"start":{"line":202,"column":4},"end":{"line":213,"column":5}},"type":"if","locations":[{"start":{"line":202,"column":4},"end":{"line":213,"column":5}},{"start":{},"end":{}}],"line":202},"24":{"loc":{"start":{"line":203,"column":6},"end":{"line":212,"column":7}},"type":"switch","locations":[{"start":{"line":204,"column":8},"end":{"line":204,"column":25}},{"start":{"line":205,"column":8},"end":{"line":206,"column":21}},{"start":{"line":207,"column":8},"end":{"line":207,"column":27}},{"start":{"line":208,"column":8},"end":{"line":208,"column":24}},{"start":{"line":209,"column":8},"end":{"line":209,"column":25}},{"start":{"line":210,"column":8},"end":{"line":211,"column":22}}],"line":203},"25":{"loc":{"start":{"line":219,"column":4},"end":{"line":223,"column":5}},"type":"if","locations":[{"start":{"line":219,"column":4},"end":{"line":223,"column":5}},{"start":{},"end":{}}],"line":219},"26":{"loc":{"start":{"line":224,"column":49},"end":{"line":224,"column":83}},"type":"binary-expr","locations":[{"start":{"line":224,"column":49},"end":{"line":224,"column":64}},{"start":{"line":224,"column":68},"end":{"line":224,"column":83}}],"line":224},"27":{"loc":{"start":{"line":226,"column":4},"end":{"line":231,"column":5}},"type":"if","locations":[{"start":{"line":226,"column":4},"end":{"line":231,"column":5}},{"start":{"line":229,"column":11},"end":{"line":231,"column":5}}],"line":226},"28":{"loc":{"start":{"line":239,"column":4},"end":{"line":251,"column":5}},"type":"switch","locations":[{"start":{"line":240,"column":6},"end":{"line":241,"column":57}},{"start":{"line":242,"column":6},"end":{"line":242,"column":22}},{"start":{"line":243,"column":6},"end":{"line":248,"column":68}},{"start":{"line":249,"column":6},"end":{"line":250,"column":61}}],"line":239},"29":{"loc":{"start":{"line":246,"column":15},"end":{"line":248,"column":68}},"type":"cond-expr","locations":[{"start":{"line":247,"column":12},"end":{"line":247,"column":70}},{"start":{"line":248,"column":12},"end":{"line":248,"column":68}}],"line":246}},"s":{"0":2,"1":530,"2":5300,"3":2,"4":53,"5":2,"6":117,"7":117,"8":117,"9":283,"10":283,"11":117,"12":2,"13":676,"14":2,"15":45,"16":45,"17":45,"18":45,"19":45,"20":45,"21":45,"22":45,"23":45,"24":45,"25":45,"26":110,"27":111,"28":250,"29":45,"30":38,"31":45,"32":20,"33":45,"34":68,"35":45,"36":14,"37":34,"38":45,"39":45,"40":3,"41":45,"42":68,"43":68,"44":15,"45":15,"46":15,"47":36,"48":36,"49":103,"50":3,"51":65,"52":9,"53":9,"54":9,"55":25,"56":25,"57":80,"58":1,"59":64,"60":45,"61":64,"62":4,"63":60,"64":45,"65":637,"66":637,"67":637,"68":45,"69":60,"70":37,"71":37,"72":37,"73":85,"74":85,"75":85,"76":6,"77":31,"78":31,"79":31,"80":2,"81":29,"82":29,"83":29,"84":29,"85":29,"86":2,"87":50,"88":23,"89":23,"90":23,"91":23,"92":2,"93":21,"94":21,"95":56,"96":56,"97":56,"98":2,"99":19,"100":19,"101":19,"102":19,"103":19,"104":4,"105":42,"106":45,"107":34,"108":45,"109":232,"110":449,"111":45,"112":14,"113":14,"114":272,"115":45,"116":68,"117":45,"118":40,"119":0,"120":40,"121":40,"122":40,"123":40,"124":45,"125":39,"126":39,"127":39,"128":36,"129":24,"130":9,"131":6,"132":45,"133":66,"134":66,"135":24,"136":24,"137":24,"138":42,"139":78,"140":42,"141":42,"142":11,"143":11,"144":31,"145":45,"146":55,"147":55,"148":55,"149":11,"150":44,"151":44,"152":44,"153":0,"154":45,"155":17,"156":45,"157":31,"158":7,"159":4},"f":{"0":530,"1":5300,"2":53,"3":117,"4":676,"5":45,"6":110,"7":111,"8":250,"9":38,"10":20,"11":68,"12":14,"13":34,"14":3,"15":68,"16":64,"17":637,"18":60,"19":34,"20":232,"21":449,"22":14,"23":272,"24":68,"25":40,"26":39,"27":66,"28":78,"29":55,"30":17,"31":31,"32":7,"33":4},"b":{"0":[250,157],"1":[15,53],"2":[68,42],"3":[3,100],"4":[103,28],"5":[9,56],"6":[65,26],"7":[1,79],"8":[80,6],"9":[4,60],"10":[64,39,62,25],"11":[541,96],"12":[37,23],"13":[6,79],"14":[2,29],"15":[2,27],"16":[23,27],"17":[2,21],"18":[2,54],"19":[4,15],"20":[449,449],"21":[68,64,60],"22":[0,40],"23":[36,3],"24":[17,24,9,9,9,9],"25":[24,42],"26":[78,68],"27":[11,31],"28":[11,33,44,0],"29":[11,33]},"_coverageSchema":"1a1c01bbd47fc00a2c39e90264f33305004495a9","hash":"c28e343ebae59a03b161d4d4e51e0396ecc6f785"}
,"/home/rds/Personal/TOP/battleship/src/factories/player.js": {"path":"/home/rds/Personal/TOP/battleship/src/factories/player.js","statementMap":{"0":{"start":{"line":4,"column":15},"end":{"line":25,"column":1}},"1":{"start":{"line":5,"column":15},"end":{"line":5,"column":46}},"2":{"start":{"line":6,"column":13},"end":{"line":6,"column":20}},"3":{"start":{"line":8,"column":21},"end":{"line":8,"column":43}},"4":{"start":{"line":8,"column":29},"end":{"line":8,"column":41}},"5":{"start":{"line":10,"column":17},"end":{"line":16,"column":3}},"6":{"start":{"line":11,"column":4},"end":{"line":11,"column":29}},"7":{"start":{"line":12,"column":19},"end":{"line":12,"column":46}},"8":{"start":{"line":13,"column":4},"end":{"line":15,"column":5}},"9":{"start":{"line":14,"column":6},"end":{"line":14,"column":18}},"10":{"start":{"line":18,"column":2},"end":{"line":24,"column":3}},"11":{"start":{"line":19,"column":18},"end":{"line":19,"column":29}},"12":{"start":{"line":20,"column":18},"end":{"line":20,"column":29}},"13":{"start":{"line":21,"column":18},"end":{"line":21,"column":29}}},"fnMap":{"0":{"name":"(anonymous_0)","decl":{"start":{"line":4,"column":15},"end":{"line":4,"column":16}},"loc":{"start":{"line":4,"column":34},"end":{"line":25,"column":1}},"line":4},"1":{"name":"(anonymous_1)","decl":{"start":{"line":8,"column":21},"end":{"line":8,"column":22}},"loc":{"start":{"line":8,"column":27},"end":{"line":8,"column":43}},"line":8},"2":{"name":"(anonymous_2)","decl":{"start":{"line":10,"column":17},"end":{"line":10,"column":18}},"loc":{"start":{"line":10,"column":34},"end":{"line":16,"column":3}},"line":10},"3":{"name":"(anonymous_3)","decl":{"start":{"line":19,"column":4},"end":{"line":19,"column":5}},"loc":{"start":{"line":19,"column":16},"end":{"line":19,"column":31}},"line":19},"4":{"name":"(anonymous_4)","decl":{"start":{"line":20,"column":4},"end":{"line":20,"column":5}},"loc":{"start":{"line":20,"column":16},"end":{"line":20,"column":31}},"line":20},"5":{"name":"(anonymous_5)","decl":{"start":{"line":21,"column":4},"end":{"line":21,"column":5}},"loc":{"start":{"line":21,"column":16},"end":{"line":21,"column":31}},"line":21}},"branchMap":{"0":{"loc":{"start":{"line":5,"column":15},"end":{"line":5,"column":46}},"type":"cond-expr","locations":[{"start":{"line":5,"column":25},"end":{"line":5,"column":33}},{"start":{"line":5,"column":36},"end":{"line":5,"column":46}}],"line":5},"1":{"loc":{"start":{"line":13,"column":4},"end":{"line":15,"column":5}},"type":"if","locations":[{"start":{"line":13,"column":4},"end":{"line":15,"column":5}},{"start":{},"end":{}}],"line":13}},"s":{"0":2,"1":10,"2":10,"3":10,"4":5,"5":10,"6":26,"7":26,"8":26,"9":5,"10":10,"11":0,"12":0,"13":2},"f":{"0":10,"1":5,"2":26,"3":0,"4":0,"5":2},"b":{"0":[1,9],"1":[5,21]},"_coverageSchema":"1a1c01bbd47fc00a2c39e90264f33305004495a9","hash":"30e7e9514b327c456d221b118632207797114186"}
,"/home/rds/Personal/TOP/battleship/src/factories/ship.js": {"path":"/home/rds/Personal/TOP/battleship/src/factories/ship.js","statementMap":{"0":{"start":{"line":4,"column":15},"end":{"line":10,"column":1}},"1":{"start":{"line":12,"column":25},"end":{"line":27,"column":1}},"2":{"start":{"line":14,"column":21},"end":{"line":14,"column":23}},"3":{"start":{"line":15,"column":4},"end":{"line":17,"column":5}},"4":{"start":{"line":15,"column":17},"end":{"line":15,"column":18}},"5":{"start":{"line":16,"column":6},"end":{"line":16,"column":51}},"6":{"start":{"line":18,"column":4},"end":{"line":18,"column":19}},"7":{"start":{"line":21,"column":21},"end":{"line":21,"column":23}},"8":{"start":{"line":22,"column":4},"end":{"line":24,"column":5}},"9":{"start":{"line":22,"column":17},"end":{"line":22,"column":18}},"10":{"start":{"line":23,"column":6},"end":{"line":23,"column":51}},"11":{"start":{"line":25,"column":4},"end":{"line":25,"column":19}},"12":{"start":{"line":29,"column":13},"end":{"line":46,"column":1}},"13":{"start":{"line":30,"column":15},"end":{"line":30,"column":27}},"14":{"start":{"line":31,"column":2},"end":{"line":31,"column":63}},"15":{"start":{"line":31,"column":26},"end":{"line":31,"column":63}},"16":{"start":{"line":33,"column":19},"end":{"line":33,"column":54}},"17":{"start":{"line":35,"column":14},"end":{"line":35,"column":63}},"18":{"start":{"line":35,"column":29},"end":{"line":35,"column":61}},"19":{"start":{"line":37,"column":17},"end":{"line":37,"column":76}},"20":{"start":{"line":37,"column":23},"end":{"line":37,"column":76}},"21":{"start":{"line":37,"column":51},"end":{"line":37,"column":75}},"22":{"start":{"line":39,"column":2},"end":{"line":45,"column":3}},"23":{"start":{"line":42,"column":18},"end":{"line":42,"column":29}},"24":{"start":{"line":43,"column":18},"end":{"line":43,"column":29}},"25":{"start":{"line":44,"column":22},"end":{"line":44,"column":37}}},"fnMap":{"0":{"name":"(anonymous_0)","decl":{"start":{"line":13,"column":2},"end":{"line":13,"column":3}},"loc":{"start":{"line":13,"column":28},"end":{"line":19,"column":3}},"line":13},"1":{"name":"(anonymous_1)","decl":{"start":{"line":20,"column":2},"end":{"line":20,"column":3}},"loc":{"start":{"line":20,"column":26},"end":{"line":26,"column":3}},"line":20},"2":{"name":"(anonymous_2)","decl":{"start":{"line":29,"column":13},"end":{"line":29,"column":14}},"loc":{"start":{"line":29,"column":36},"end":{"line":46,"column":1}},"line":29},"3":{"name":"(anonymous_3)","decl":{"start":{"line":35,"column":14},"end":{"line":35,"column":15}},"loc":{"start":{"line":35,"column":27},"end":{"line":35,"column":63}},"line":35},"4":{"name":"(anonymous_4)","decl":{"start":{"line":37,"column":17},"end":{"line":37,"column":18}},"loc":{"start":{"line":37,"column":23},"end":{"line":37,"column":76}},"line":37},"5":{"name":"(anonymous_5)","decl":{"start":{"line":37,"column":38},"end":{"line":37,"column":39}},"loc":{"start":{"line":37,"column":51},"end":{"line":37,"column":75}},"line":37},"6":{"name":"(anonymous_6)","decl":{"start":{"line":42,"column":4},"end":{"line":42,"column":5}},"loc":{"start":{"line":42,"column":16},"end":{"line":42,"column":31}},"line":42},"7":{"name":"(anonymous_7)","decl":{"start":{"line":43,"column":4},"end":{"line":43,"column":5}},"loc":{"start":{"line":43,"column":16},"end":{"line":43,"column":31}},"line":43},"8":{"name":"(anonymous_8)","decl":{"start":{"line":44,"column":4},"end":{"line":44,"column":5}},"loc":{"start":{"line":44,"column":20},"end":{"line":44,"column":39}},"line":44}},"branchMap":{"0":{"loc":{"start":{"line":31,"column":2},"end":{"line":31,"column":63}},"type":"if","locations":[{"start":{"line":31,"column":2},"end":{"line":31,"column":63}},{"start":{},"end":{}}],"line":31}},"s":{"0":3,"1":3,"2":36,"3":36,"4":36,"5":93,"6":36,"7":15,"8":15,"9":15,"10":41,"11":15,"12":3,"13":52,"14":52,"15":1,"16":51,"17":51,"18":48,"19":51,"20":108,"21":271,"22":51,"23":0,"24":48,"25":263},"f":{"0":36,"1":15,"2":52,"3":48,"4":108,"5":271,"6":0,"7":48,"8":263},"b":{"0":[1,51]},"_coverageSchema":"1a1c01bbd47fc00a2c39e90264f33305004495a9","hash":"10eb8ad11a7c71fdc04932102c79e2ebbde58a54"}
,"/home/rds/Personal/TOP/battleship/src/utils/func_helpers.js": {"path":"/home/rds/Personal/TOP/battleship/src/utils/func_helpers.js","statementMap":{"0":{"start":{"line":1,"column":14},"end":{"line":8,"column":1}},"1":{"start":{"line":2,"column":2},"end":{"line":7,"column":3}},"2":{"start":{"line":3,"column":4},"end":{"line":5,"column":5}},"3":{"start":{"line":4,"column":6},"end":{"line":4,"column":40}},"4":{"start":{"line":6,"column":4},"end":{"line":6,"column":22}},"5":{"start":{"line":10,"column":24},"end":{"line":10,"column":43}},"6":{"start":{"line":10,"column":32},"end":{"line":10,"column":43}},"7":{"start":{"line":12,"column":23},"end":{"line":12,"column":34}},"8":{"start":{"line":12,"column":31},"end":{"line":12,"column":34}},"9":{"start":{"line":14,"column":24},"end":{"line":14,"column":58}},"10":{"start":{"line":14,"column":33},"end":{"line":14,"column":58}},"11":{"start":{"line":16,"column":23},"end":{"line":16,"column":56}},"12":{"start":{"line":16,"column":32},"end":{"line":16,"column":56}},"13":{"start":{"line":18,"column":24},"end":{"line":26,"column":2}},"14":{"start":{"line":19,"column":17},"end":{"line":19,"column":25}},"15":{"start":{"line":20,"column":12},"end":{"line":20,"column":57}},"16":{"start":{"line":21,"column":14},"end":{"line":21,"column":33}},"17":{"start":{"line":22,"column":2},"end":{"line":24,"column":3}},"18":{"start":{"line":22,"column":15},"end":{"line":22,"column":16}},"19":{"start":{"line":23,"column":4},"end":{"line":23,"column":21}},"20":{"start":{"line":25,"column":2},"end":{"line":25,"column":15}},"21":{"start":{"line":28,"column":18},"end":{"line":32,"column":2}},"22":{"start":{"line":29,"column":17},"end":{"line":29,"column":25}},"23":{"start":{"line":30,"column":2},"end":{"line":30,"column":23}},"24":{"start":{"line":31,"column":2},"end":{"line":31,"column":15}},"25":{"start":{"line":34,"column":12},"end":{"line":50,"column":2}},"26":{"start":{"line":36,"column":2},"end":{"line":49,"column":3}},"27":{"start":{"line":38,"column":6},"end":{"line":38,"column":17}},"28":{"start":{"line":39,"column":6},"end":{"line":41,"column":7}},"29":{"start":{"line":40,"column":8},"end":{"line":40,"column":29}},"30":{"start":{"line":42,"column":6},"end":{"line":42,"column":19}},"31":{"start":{"line":44,"column":6},"end":{"line":44,"column":17}},"32":{"start":{"line":45,"column":6},"end":{"line":47,"column":7}},"33":{"start":{"line":46,"column":8},"end":{"line":46,"column":40}},"34":{"start":{"line":48,"column":6},"end":{"line":48,"column":19}},"35":{"start":{"line":52,"column":16},"end":{"line":55,"column":2}},"36":{"start":{"line":53,"column":2},"end":{"line":54,"column":58}},"37":{"start":{"line":57,"column":17},"end":{"line":57,"column":90}},"38":{"start":{"line":57,"column":32},"end":{"line":57,"column":89}},"39":{"start":{"line":59,"column":13},"end":{"line":60,"column":58}},"40":{"start":{"line":60,"column":2},"end":{"line":60,"column":58}},"41":{"start":{"line":60,"column":13},"end":{"line":60,"column":58}},"42":{"start":{"line":60,"column":43},"end":{"line":60,"column":50}},"43":{"start":{"line":62,"column":18},"end":{"line":65,"column":1}},"44":{"start":{"line":62,"column":33},"end":{"line":64,"column":11}},"45":{"start":{"line":63,"column":15},"end":{"line":63,"column":50}},"46":{"start":{"line":67,"column":22},"end":{"line":67,"column":36}},"47":{"start":{"line":69,"column":18},"end":{"line":72,"column":1}},"48":{"start":{"line":69,"column":33},"end":{"line":71,"column":11}},"49":{"start":{"line":70,"column":15},"end":{"line":70,"column":50}},"50":{"start":{"line":74,"column":22},"end":{"line":74,"column":36}},"51":{"start":{"line":76,"column":15},"end":{"line":84,"column":2}},"52":{"start":{"line":77,"column":17},"end":{"line":77,"column":19}},"53":{"start":{"line":78,"column":10},"end":{"line":78,"column":11}},"54":{"start":{"line":79,"column":2},"end":{"line":82,"column":3}},"55":{"start":{"line":80,"column":4},"end":{"line":80,"column":21}},"56":{"start":{"line":81,"column":4},"end":{"line":81,"column":7}},"57":{"start":{"line":83,"column":2},"end":{"line":83,"column":15}},"58":{"start":{"line":86,"column":13},"end":{"line":95,"column":2}},"59":{"start":{"line":87,"column":14},"end":{"line":87,"column":24}},"60":{"start":{"line":88,"column":10},"end":{"line":88,"column":11}},"61":{"start":{"line":89,"column":2},"end":{"line":94,"column":3}},"62":{"start":{"line":90,"column":4},"end":{"line":92,"column":5}},"63":{"start":{"line":91,"column":6},"end":{"line":91,"column":19}},"64":{"start":{"line":93,"column":4},"end":{"line":93,"column":7}},"65":{"start":{"line":97,"column":18},"end":{"line":106,"column":2}},"66":{"start":{"line":98,"column":14},"end":{"line":98,"column":24}},"67":{"start":{"line":99,"column":10},"end":{"line":99,"column":11}},"68":{"start":{"line":100,"column":2},"end":{"line":105,"column":3}},"69":{"start":{"line":101,"column":4},"end":{"line":103,"column":5}},"70":{"start":{"line":102,"column":6},"end":{"line":102,"column":14}},"71":{"start":{"line":104,"column":4},"end":{"line":104,"column":7}},"72":{"start":{"line":108,"column":16},"end":{"line":116,"column":2}},"73":{"start":{"line":109,"column":14},"end":{"line":109,"column":24}},"74":{"start":{"line":110,"column":10},"end":{"line":110,"column":11}},"75":{"start":{"line":111,"column":2},"end":{"line":114,"column":3}},"76":{"start":{"line":112,"column":4},"end":{"line":112,"column":14}},"77":{"start":{"line":113,"column":4},"end":{"line":113,"column":7}},"78":{"start":{"line":115,"column":2},"end":{"line":115,"column":12}},"79":{"start":{"line":118,"column":16},"end":{"line":137,"column":2}},"80":{"start":{"line":119,"column":17},"end":{"line":119,"column":19}},"81":{"start":{"line":120,"column":15},"end":{"line":120,"column":25}},"82":{"start":{"line":121,"column":10},"end":{"line":121,"column":11}},"83":{"start":{"line":122,"column":2},"end":{"line":135,"column":3}},"84":{"start":{"line":123,"column":4},"end":{"line":133,"column":5}},"85":{"start":{"line":124,"column":19},"end":{"line":124,"column":34}},"86":{"start":{"line":125,"column":19},"end":{"line":125,"column":30}},"87":{"start":{"line":126,"column":14},"end":{"line":126,"column":15}},"88":{"start":{"line":127,"column":6},"end":{"line":130,"column":7}},"89":{"start":{"line":128,"column":8},"end":{"line":128,"column":28}},"90":{"start":{"line":129,"column":8},"end":{"line":129,"column":11}},"91":{"start":{"line":132,"column":6},"end":{"line":132,"column":25}},"92":{"start":{"line":134,"column":4},"end":{"line":134,"column":7}},"93":{"start":{"line":136,"column":2},"end":{"line":136,"column":15}},"94":{"start":{"line":139,"column":15},"end":{"line":150,"column":2}},"95":{"start":{"line":140,"column":17},"end":{"line":140,"column":19}},"96":{"start":{"line":141,"column":14},"end":{"line":141,"column":24}},"97":{"start":{"line":142,"column":10},"end":{"line":142,"column":11}},"98":{"start":{"line":143,"column":2},"end":{"line":148,"column":3}},"99":{"start":{"line":144,"column":4},"end":{"line":146,"column":5}},"100":{"start":{"line":145,"column":6},"end":{"line":145,"column":25}},"101":{"start":{"line":147,"column":4},"end":{"line":147,"column":7}},"102":{"start":{"line":149,"column":2},"end":{"line":149,"column":15}},"103":{"start":{"line":152,"column":17},"end":{"line":159,"column":2}},"104":{"start":{"line":153,"column":2},"end":{"line":157,"column":3}},"105":{"start":{"line":154,"column":4},"end":{"line":156,"column":5}},"106":{"start":{"line":155,"column":6},"end":{"line":155,"column":18}},"107":{"start":{"line":158,"column":2},"end":{"line":158,"column":13}},"108":{"start":{"line":161,"column":22},"end":{"line":168,"column":2}},"109":{"start":{"line":162,"column":2},"end":{"line":166,"column":3}},"110":{"start":{"line":163,"column":4},"end":{"line":165,"column":5}},"111":{"start":{"line":164,"column":6},"end":{"line":164,"column":17}},"112":{"start":{"line":167,"column":2},"end":{"line":167,"column":14}},"113":{"start":{"line":170,"column":27},"end":{"line":180,"column":2}},"114":{"start":{"line":171,"column":14},"end":{"line":171,"column":24}},"115":{"start":{"line":172,"column":2},"end":{"line":172,"column":26}},"116":{"start":{"line":172,"column":16},"end":{"line":172,"column":26}},"117":{"start":{"line":173,"column":17},"end":{"line":173,"column":19}},"118":{"start":{"line":174,"column":2},"end":{"line":178,"column":3}},"119":{"start":{"line":174,"column":15},"end":{"line":174,"column":16}},"120":{"start":{"line":175,"column":4},"end":{"line":177,"column":5}},"121":{"start":{"line":176,"column":6},"end":{"line":176,"column":25}},"122":{"start":{"line":179,"column":2},"end":{"line":179,"column":15}},"123":{"start":{"line":182,"column":15},"end":{"line":192,"column":2}},"124":{"start":{"line":183,"column":17},"end":{"line":183,"column":25}},"125":{"start":{"line":184,"column":14},"end":{"line":184,"column":24}},"126":{"start":{"line":185,"column":2},"end":{"line":190,"column":3}},"127":{"start":{"line":185,"column":15},"end":{"line":185,"column":16}},"128":{"start":{"line":186,"column":4},"end":{"line":189,"column":5}},"129":{"start":{"line":187,"column":6},"end":{"line":187,"column":25}},"130":{"start":{"line":188,"column":6},"end":{"line":188,"column":19}},"131":{"start":{"line":191,"column":2},"end":{"line":191,"column":15}},"132":{"start":{"line":194,"column":11},"end":{"line":194,"column":33}},"133":{"start":{"line":194,"column":27},"end":{"line":194,"column":32}},"134":{"start":{"line":195,"column":11},"end":{"line":195,"column":33}},"135":{"start":{"line":195,"column":27},"end":{"line":195,"column":32}},"136":{"start":{"line":196,"column":12},"end":{"line":196,"column":35}},"137":{"start":{"line":196,"column":28},"end":{"line":196,"column":34}},"138":{"start":{"line":197,"column":12},"end":{"line":197,"column":35}},"139":{"start":{"line":197,"column":28},"end":{"line":197,"column":34}},"140":{"start":{"line":198,"column":11},"end":{"line":198,"column":35}},"141":{"start":{"line":198,"column":27},"end":{"line":198,"column":34}},"142":{"start":{"line":200,"column":12},"end":{"line":208,"column":2}},"143":{"start":{"line":201,"column":14},"end":{"line":201,"column":24}},"144":{"start":{"line":202,"column":2},"end":{"line":206,"column":3}},"145":{"start":{"line":202,"column":15},"end":{"line":202,"column":16}},"146":{"start":{"line":203,"column":4},"end":{"line":205,"column":5}},"147":{"start":{"line":204,"column":6},"end":{"line":204,"column":18}},"148":{"start":{"line":207,"column":2},"end":{"line":207,"column":13}},"149":{"start":{"line":210,"column":12},"end":{"line":218,"column":2}},"150":{"start":{"line":211,"column":14},"end":{"line":211,"column":24}},"151":{"start":{"line":212,"column":2},"end":{"line":216,"column":3}},"152":{"start":{"line":212,"column":15},"end":{"line":212,"column":16}},"153":{"start":{"line":213,"column":4},"end":{"line":215,"column":5}},"154":{"start":{"line":214,"column":6},"end":{"line":214,"column":17}},"155":{"start":{"line":217,"column":2},"end":{"line":217,"column":14}},"156":{"start":{"line":220,"column":15},"end":{"line":225,"column":4}},"157":{"start":{"line":221,"column":2},"end":{"line":225,"column":3}}},"fnMap":{"0":{"name":"(anonymous_0)","decl":{"start":{"line":1,"column":14},"end":{"line":1,"column":15}},"loc":{"start":{"line":1,"column":22},"end":{"line":8,"column":1}},"line":1},"1":{"name":"curried","decl":{"start":{"line":2,"column":18},"end":{"line":2,"column":25}},"loc":{"start":{"line":2,"column":36},"end":{"line":7,"column":3}},"line":2},"2":{"name":"(anonymous_2)","decl":{"start":{"line":10,"column":24},"end":{"line":10,"column":25}},"loc":{"start":{"line":10,"column":32},"end":{"line":10,"column":43}},"line":10},"3":{"name":"(anonymous_3)","decl":{"start":{"line":12,"column":23},"end":{"line":12,"column":24}},"loc":{"start":{"line":12,"column":31},"end":{"line":12,"column":34}},"line":12},"4":{"name":"(anonymous_4)","decl":{"start":{"line":14,"column":24},"end":{"line":14,"column":25}},"loc":{"start":{"line":14,"column":33},"end":{"line":14,"column":58}},"line":14},"5":{"name":"(anonymous_5)","decl":{"start":{"line":16,"column":23},"end":{"line":16,"column":24}},"loc":{"start":{"line":16,"column":32},"end":{"line":16,"column":56}},"line":16},"6":{"name":"(anonymous_6)","decl":{"start":{"line":18,"column":30},"end":{"line":18,"column":31}},"loc":{"start":{"line":18,"column":65},"end":{"line":26,"column":1}},"line":18},"7":{"name":"(anonymous_7)","decl":{"start":{"line":28,"column":24},"end":{"line":28,"column":25}},"loc":{"start":{"line":28,"column":47},"end":{"line":32,"column":1}},"line":28},"8":{"name":"(anonymous_8)","decl":{"start":{"line":34,"column":18},"end":{"line":34,"column":19}},"loc":{"start":{"line":34,"column":35},"end":{"line":50,"column":1}},"line":34},"9":{"name":"(anonymous_9)","decl":{"start":{"line":52,"column":22},"end":{"line":52,"column":23}},"loc":{"start":{"line":53,"column":2},"end":{"line":54,"column":58}},"line":53},"10":{"name":"(anonymous_10)","decl":{"start":{"line":57,"column":23},"end":{"line":57,"column":24}},"loc":{"start":{"line":57,"column":32},"end":{"line":57,"column":89}},"line":57},"11":{"name":"(anonymous_11)","decl":{"start":{"line":59,"column":13},"end":{"line":59,"column":14}},"loc":{"start":{"line":60,"column":2},"end":{"line":60,"column":58}},"line":60},"12":{"name":"(anonymous_12)","decl":{"start":{"line":60,"column":2},"end":{"line":60,"column":3}},"loc":{"start":{"line":60,"column":13},"end":{"line":60,"column":58}},"line":60},"13":{"name":"(anonymous_13)","decl":{"start":{"line":60,"column":30},"end":{"line":60,"column":31}},"loc":{"start":{"line":60,"column":43},"end":{"line":60,"column":50}},"line":60},"14":{"name":"(anonymous_14)","decl":{"start":{"line":62,"column":24},"end":{"line":62,"column":25}},"loc":{"start":{"line":62,"column":33},"end":{"line":64,"column":11}},"line":62},"15":{"name":"(anonymous_15)","decl":{"start":{"line":63,"column":8},"end":{"line":63,"column":9}},"loc":{"start":{"line":63,"column":15},"end":{"line":63,"column":50}},"line":63},"16":{"name":"(anonymous_16)","decl":{"start":{"line":69,"column":24},"end":{"line":69,"column":25}},"loc":{"start":{"line":69,"column":33},"end":{"line":71,"column":11}},"line":69},"17":{"name":"(anonymous_17)","decl":{"start":{"line":70,"column":8},"end":{"line":70,"column":9}},"loc":{"start":{"line":70,"column":15},"end":{"line":70,"column":50}},"line":70},"18":{"name":"(anonymous_18)","decl":{"start":{"line":76,"column":21},"end":{"line":76,"column":22}},"loc":{"start":{"line":76,"column":34},"end":{"line":84,"column":1}},"line":76},"19":{"name":"(anonymous_19)","decl":{"start":{"line":86,"column":19},"end":{"line":86,"column":20}},"loc":{"start":{"line":86,"column":32},"end":{"line":95,"column":1}},"line":86},"20":{"name":"(anonymous_20)","decl":{"start":{"line":97,"column":24},"end":{"line":97,"column":25}},"loc":{"start":{"line":97,"column":37},"end":{"line":106,"column":1}},"line":97},"21":{"name":"(anonymous_21)","decl":{"start":{"line":108,"column":22},"end":{"line":108,"column":23}},"loc":{"start":{"line":108,"column":35},"end":{"line":116,"column":1}},"line":108},"22":{"name":"(anonymous_22)","decl":{"start":{"line":118,"column":22},"end":{"line":118,"column":23}},"loc":{"start":{"line":118,"column":31},"end":{"line":137,"column":1}},"line":118},"23":{"name":"(anonymous_23)","decl":{"start":{"line":139,"column":21},"end":{"line":139,"column":22}},"loc":{"start":{"line":139,"column":34},"end":{"line":150,"column":1}},"line":139},"24":{"name":"(anonymous_24)","decl":{"start":{"line":152,"column":23},"end":{"line":152,"column":24}},"loc":{"start":{"line":152,"column":39},"end":{"line":159,"column":1}},"line":152},"25":{"name":"(anonymous_25)","decl":{"start":{"line":161,"column":28},"end":{"line":161,"column":29}},"loc":{"start":{"line":161,"column":42},"end":{"line":168,"column":1}},"line":161},"26":{"name":"(anonymous_26)","decl":{"start":{"line":170,"column":33},"end":{"line":170,"column":34}},"loc":{"start":{"line":170,"column":42},"end":{"line":180,"column":1}},"line":170},"27":{"name":"(anonymous_27)","decl":{"start":{"line":182,"column":21},"end":{"line":182,"column":22}},"loc":{"start":{"line":182,"column":36},"end":{"line":192,"column":1}},"line":182},"28":{"name":"(anonymous_28)","decl":{"start":{"line":194,"column":17},"end":{"line":194,"column":18}},"loc":{"start":{"line":194,"column":27},"end":{"line":194,"column":32}},"line":194},"29":{"name":"(anonymous_29)","decl":{"start":{"line":195,"column":17},"end":{"line":195,"column":18}},"loc":{"start":{"line":195,"column":27},"end":{"line":195,"column":32}},"line":195},"30":{"name":"(anonymous_30)","decl":{"start":{"line":196,"column":18},"end":{"line":196,"column":19}},"loc":{"start":{"line":196,"column":28},"end":{"line":196,"column":34}},"line":196},"31":{"name":"(anonymous_31)","decl":{"start":{"line":197,"column":18},"end":{"line":197,"column":19}},"loc":{"start":{"line":197,"column":28},"end":{"line":197,"column":34}},"line":197},"32":{"name":"(anonymous_32)","decl":{"start":{"line":198,"column":17},"end":{"line":198,"column":18}},"loc":{"start":{"line":198,"column":27},"end":{"line":198,"column":34}},"line":198},"33":{"name":"(anonymous_33)","decl":{"start":{"line":200,"column":18},"end":{"line":200,"column":19}},"loc":{"start":{"line":200,"column":33},"end":{"line":208,"column":1}},"line":200},"34":{"name":"(anonymous_34)","decl":{"start":{"line":210,"column":18},"end":{"line":210,"column":19}},"loc":{"start":{"line":210,"column":33},"end":{"line":218,"column":1}},"line":210},"35":{"name":"(anonymous_35)","decl":{"start":{"line":220,"column":21},"end":{"line":220,"column":22}},"loc":{"start":{"line":221,"column":2},"end":{"line":225,"column":3}},"line":221}},"branchMap":{"0":{"loc":{"start":{"line":3,"column":4},"end":{"line":5,"column":5}},"type":"if","locations":[{"start":{"line":3,"column":4},"end":{"line":5,"column":5}},{"start":{},"end":{}}],"line":3},"1":{"loc":{"start":{"line":20,"column":12},"end":{"line":20,"column":57}},"type":"cond-expr","locations":[{"start":{"line":20,"column":42},"end":{"line":20,"column":47}},{"start":{"line":20,"column":50},"end":{"line":20,"column":57}}],"line":20},"2":{"loc":{"start":{"line":21,"column":14},"end":{"line":21,"column":33}},"type":"binary-expr","locations":[{"start":{"line":21,"column":14},"end":{"line":21,"column":19}},{"start":{"line":21,"column":23},"end":{"line":21,"column":33}}],"line":21},"3":{"loc":{"start":{"line":36,"column":2},"end":{"line":49,"column":3}},"type":"switch","locations":[{"start":{"line":37,"column":4},"end":{"line":42,"column":19}},{"start":{"line":43,"column":4},"end":{"line":48,"column":19}}],"line":36},"4":{"loc":{"start":{"line":53,"column":2},"end":{"line":54,"column":58}},"type":"binary-expr","locations":[{"start":{"line":53,"column":2},"end":{"line":53,"column":14}},{"start":{"line":54,"column":2},"end":{"line":54,"column":58}}],"line":53},"5":{"loc":{"start":{"line":62,"column":33},"end":{"line":64,"column":11}},"type":"cond-expr","locations":[{"start":{"line":63,"column":4},"end":{"line":63,"column":56}},{"start":{"line":64,"column":4},"end":{"line":64,"column":11}}],"line":62},"6":{"loc":{"start":{"line":62,"column":34},"end":{"line":62,"column":63}},"type":"binary-expr","locations":[{"start":{"line":62,"column":34},"end":{"line":62,"column":46}},{"start":{"line":62,"column":50},"end":{"line":62,"column":63}}],"line":62},"7":{"loc":{"start":{"line":63,"column":15},"end":{"line":63,"column":50}},"type":"cond-expr","locations":[{"start":{"line":63,"column":41},"end":{"line":63,"column":46}},{"start":{"line":63,"column":49},"end":{"line":63,"column":50}}],"line":63},"8":{"loc":{"start":{"line":69,"column":33},"end":{"line":71,"column":11}},"type":"cond-expr","locations":[{"start":{"line":70,"column":4},"end":{"line":70,"column":56}},{"start":{"line":71,"column":4},"end":{"line":71,"column":11}}],"line":69},"9":{"loc":{"start":{"line":69,"column":34},"end":{"line":69,"column":63}},"type":"binary-expr","locations":[{"start":{"line":69,"column":34},"end":{"line":69,"column":46}},{"start":{"line":69,"column":50},"end":{"line":69,"column":63}}],"line":69},"10":{"loc":{"start":{"line":70,"column":15},"end":{"line":70,"column":50}},"type":"cond-expr","locations":[{"start":{"line":70,"column":41},"end":{"line":70,"column":46}},{"start":{"line":70,"column":49},"end":{"line":70,"column":50}}],"line":70},"11":{"loc":{"start":{"line":90,"column":4},"end":{"line":92,"column":5}},"type":"if","locations":[{"start":{"line":90,"column":4},"end":{"line":92,"column":5}},{"start":{},"end":{}}],"line":90},"12":{"loc":{"start":{"line":101,"column":4},"end":{"line":103,"column":5}},"type":"if","locations":[{"start":{"line":101,"column":4},"end":{"line":103,"column":5}},{"start":{},"end":{}}],"line":101},"13":{"loc":{"start":{"line":123,"column":4},"end":{"line":133,"column":5}},"type":"if","locations":[{"start":{"line":123,"column":4},"end":{"line":133,"column":5}},{"start":{"line":131,"column":11},"end":{"line":133,"column":5}}],"line":123},"14":{"loc":{"start":{"line":144,"column":4},"end":{"line":146,"column":5}},"type":"if","locations":[{"start":{"line":144,"column":4},"end":{"line":146,"column":5}},{"start":{},"end":{}}],"line":144},"15":{"loc":{"start":{"line":154,"column":4},"end":{"line":156,"column":5}},"type":"if","locations":[{"start":{"line":154,"column":4},"end":{"line":156,"column":5}},{"start":{},"end":{}}],"line":154},"16":{"loc":{"start":{"line":163,"column":4},"end":{"line":165,"column":5}},"type":"if","locations":[{"start":{"line":163,"column":4},"end":{"line":165,"column":5}},{"start":{},"end":{}}],"line":163},"17":{"loc":{"start":{"line":172,"column":2},"end":{"line":172,"column":26}},"type":"if","locations":[{"start":{"line":172,"column":2},"end":{"line":172,"column":26}},{"start":{},"end":{}}],"line":172},"18":{"loc":{"start":{"line":175,"column":4},"end":{"line":177,"column":5}},"type":"if","locations":[{"start":{"line":175,"column":4},"end":{"line":177,"column":5}},{"start":{},"end":{}}],"line":175},"19":{"loc":{"start":{"line":186,"column":4},"end":{"line":189,"column":5}},"type":"if","locations":[{"start":{"line":186,"column":4},"end":{"line":189,"column":5}},{"start":{},"end":{}}],"line":186},"20":{"loc":{"start":{"line":203,"column":4},"end":{"line":205,"column":5}},"type":"if","locations":[{"start":{"line":203,"column":4},"end":{"line":205,"column":5}},{"start":{},"end":{}}],"line":203},"21":{"loc":{"start":{"line":213,"column":4},"end":{"line":215,"column":5}},"type":"if","locations":[{"start":{"line":213,"column":4},"end":{"line":215,"column":5}},{"start":{},"end":{}}],"line":213}},"s":{"0":3,"1":81,"2":8903,"3":532,"4":8371,"5":3,"6":4,"7":3,"8":6,"9":3,"10":2,"11":3,"12":2,"13":3,"14":5,"15":5,"16":5,"17":5,"18":5,"19":10,"20":5,"21":3,"22":1,"23":1,"24":1,"25":3,"26":1081,"27":793,"28":793,"29":1485,"30":793,"31":288,"32":288,"33":719,"34":288,"35":3,"36":970,"37":3,"38":290,"39":3,"40":97,"41":97,"42":264,"43":3,"44":964,"45":2068,"46":3,"47":3,"48":6,"49":20,"50":3,"51":3,"52":584,"53":584,"54":584,"55":5833,"56":5833,"57":584,"58":3,"59":1,"60":1,"61":1,"62":4,"63":1,"64":3,"65":3,"66":43,"67":43,"68":43,"69":82,"70":43,"71":39,"72":3,"73":1,"74":1,"75":1,"76":3,"77":3,"78":1,"79":3,"80":171,"81":171,"82":171,"83":171,"84":450,"85":74,"86":74,"87":74,"88":74,"89":377,"90":377,"91":376,"92":450,"93":171,"94":3,"95":43,"96":43,"97":43,"98":43,"99":525,"100":440,"101":525,"102":43,"103":3,"104":1629,"105":2121,"106":1516,"107":113,"108":3,"109":471,"110":1627,"111":112,"112":359,"113":3,"114":15,"115":15,"116":0,"117":15,"118":15,"119":15,"120":197,"121":126,"122":15,"123":3,"124":15,"125":15,"126":15,"127":15,"128":27,"129":14,"130":14,"131":1,"132":3,"133":451,"134":3,"135":451,"136":3,"137":0,"138":3,"139":0,"140":3,"141":569,"142":3,"143":4,"144":4,"145":4,"146":8,"147":2,"148":2,"149":3,"150":479,"151":479,"152":479,"153":1025,"154":61,"155":418,"156":3,"157":1},"f":{"0":81,"1":8903,"2":4,"3":6,"4":2,"5":2,"6":5,"7":1,"8":1081,"9":970,"10":290,"11":97,"12":97,"13":264,"14":964,"15":2068,"16":6,"17":20,"18":584,"19":1,"20":43,"21":1,"22":171,"23":43,"24":1629,"25":471,"26":15,"27":15,"28":451,"29":451,"30":0,"31":0,"32":569,"33":4,"34":479,"35":1},"b":{"0":[532,8371],"1":[2,3],"2":[5,4],"3":[793,288],"4":[970,970],"5":[963,1],"6":[964,286],"7":[1930,138],"8":[4,2],"9":[6,4],"10":[12,8],"11":[1,3],"12":[43,39],"13":[74,376],"14":[440,85],"15":[1516,605],"16":[112,1515],"17":[0,15],"18":[126,71],"19":[14,13],"20":[2,6],"21":[61,964]},"_coverageSchema":"1a1c01bbd47fc00a2c39e90264f33305004495a9","hash":"0d6277e4cb0bcc48aa38f5b316902b9d1fa2095d"}
,"/home/rds/Personal/TOP/battleship/src/utils/helper_funcs.js": {"path":"/home/rds/Personal/TOP/battleship/src/utils/helper_funcs.js","statementMap":{"0":{"start":{"line":1,"column":25},"end":{"line":1,"column":88}},"1":{"start":{"line":1,"column":39},"end":{"line":1,"column":88}},"2":{"start":{"line":3,"column":24},"end":{"line":7,"column":1}},"3":{"start":{"line":4,"column":12},"end":{"line":4,"column":35}},"4":{"start":{"line":5,"column":12},"end":{"line":5,"column":35}},"5":{"start":{"line":6,"column":2},"end":{"line":6,"column":17}},"6":{"start":{"line":9,"column":14},"end":{"line":13,"column":1}},"7":{"start":{"line":10,"column":2},"end":{"line":12,"column":4}},"8":{"start":{"line":11,"column":4},"end":{"line":11,"column":27}}},"fnMap":{"0":{"name":"(anonymous_0)","decl":{"start":{"line":1,"column":25},"end":{"line":1,"column":26}},"loc":{"start":{"line":1,"column":39},"end":{"line":1,"column":88}},"line":1},"1":{"name":"(anonymous_1)","decl":{"start":{"line":3,"column":24},"end":{"line":3,"column":25}},"loc":{"start":{"line":3,"column":30},"end":{"line":7,"column":1}},"line":3},"2":{"name":"(anonymous_2)","decl":{"start":{"line":9,"column":14},"end":{"line":9,"column":15}},"loc":{"start":{"line":9,"column":28},"end":{"line":13,"column":1}},"line":9},"3":{"name":"(anonymous_3)","decl":{"start":{"line":10,"column":21},"end":{"line":10,"column":22}},"loc":{"start":{"line":10,"column":34},"end":{"line":12,"column":3}},"line":10}},"branchMap":{},"s":{"0":1,"1":17,"2":1,"3":1,"4":1,"5":1,"6":1,"7":0,"8":0},"f":{"0":17,"1":1,"2":0,"3":0},"b":{},"_coverageSchema":"1a1c01bbd47fc00a2c39e90264f33305004495a9","hash":"e44f99edc9a59c35882bf345dd9abb44053338e6"}
}
