TN:
SF:src/constants/cell_states.js
FNF:0
FNH:0
DA:1,2
LF:1
LH:1
BRF:0
BRH:0
end_of_record
TN:
SF:src/factories/ai_player.js
FN:13,(anonymous_0)
FN:14,(anonymous_1)
FN:15,(anonymous_2)
FN:16,(anonymous_3)
FN:19,(anonymous_4)
FN:34,(anonymous_5)
FN:39,(anonymous_6)
FN:41,(anonymous_7)
FN:53,(anonymous_8)
FN:59,(anonymous_9)
FN:67,(anonymous_10)
FN:85,(anonymous_11)
FN:108,(anonymous_12)
FN:114,(anonymous_13)
FN:133,(anonymous_14)
FN:151,(anonymous_15)
FN:158,(anonymous_16)
FN:181,(anonymous_17)
FN:186,(anonymous_18)
FN:187,(anonymous_19)
FN:188,(anonymous_20)
FNF:21
FNH:18
FNDA:6,(anonymous_0)
FNDA:8,(anonymous_1)
FNDA:7,(anonymous_2)
FNDA:6,(anonymous_3)
FNDA:3,(anonymous_4)
FNDA:3,(anonymous_5)
FNDA:6,(anonymous_6)
FNDA:4,(anonymous_7)
FNDA:8,(anonymous_8)
FNDA:1,(anonymous_9)
FNDA:5,(anonymous_10)
FNDA:3,(anonymous_11)
FNDA:8,(anonymous_12)
FNDA:12,(anonymous_13)
FNDA:5,(anonymous_14)
FNDA:1,(anonymous_15)
FNDA:26,(anonymous_16)
FNDA:3,(anonymous_17)
FNDA:0,(anonymous_18)
FNDA:0,(anonymous_19)
FNDA:0,(anonymous_20)
DA:12,1
DA:13,6
DA:14,8
DA:15,7
DA:16,6
DA:19,1
DA:20,3
DA:22,1
DA:24,0
DA:26,2
DA:28,0
DA:30,0
DA:34,1
DA:35,3
DA:39,1
DA:40,6
DA:41,6
DA:42,4
DA:48,1
DA:49,1
DA:50,1
DA:51,1
DA:53,1
DA:54,8
DA:55,8
DA:56,8
DA:57,8
DA:59,8
DA:60,1
DA:61,1
DA:62,0
DA:64,1
DA:67,8
DA:68,5
DA:69,5
DA:70,5
DA:72,5
DA:73,10
DA:74,10
DA:75,10
DA:76,10
DA:77,10
DA:79,5
DA:80,0
DA:82,5
DA:85,8
DA:90,3
DA:92,1
DA:93,1
DA:94,1
DA:98,2
DA:99,2
DA:100,2
DA:104,0
DA:108,8
DA:109,8
DA:110,8
DA:111,8
DA:114,8
DA:115,12
DA:116,12
DA:117,0
DA:118,0
DA:119,0
DA:120,0
DA:122,0
DA:124,12
DA:125,12
DA:126,12
DA:127,3
DA:128,3
DA:130,12
DA:133,8
DA:134,5
DA:135,5
DA:136,0
DA:137,0
DA:138,0
DA:140,5
DA:141,5
DA:142,5
DA:143,5
DA:144,1
DA:146,4
DA:147,4
DA:148,4
DA:151,8
DA:152,1
DA:153,1
DA:154,1
DA:155,1
DA:158,8
DA:160,26
DA:161,8
DA:162,18
DA:163,12
DA:164,6
DA:165,5
DA:166,1
DA:167,1
DA:169,26
DA:170,16
DA:171,16
DA:173,26
DA:174,5
DA:175,5
DA:176,5
DA:178,26
DA:181,8
DA:183,8
DA:186,0
DA:187,0
DA:188,0
LF:113
LH:96
BRDA:20,0,0,1
BRDA:20,0,1,0
BRDA:20,0,2,2
BRDA:20,0,3,0
BRDA:20,0,4,0
BRDA:35,1,0,2
BRDA:35,1,1,1
BRDA:40,2,0,3
BRDA:40,2,1,3
BRDA:42,3,0,2
BRDA:42,3,1,2
BRDA:72,4,0,15
BRDA:72,4,1,10
BRDA:79,5,0,0
BRDA:79,5,1,5
BRDA:90,6,0,1
BRDA:90,6,1,2
BRDA:90,6,2,0
BRDA:94,7,0,1
BRDA:94,7,1,0
BRDA:100,8,0,2
BRDA:100,8,1,0
BRDA:116,9,0,0
BRDA:116,9,1,12
BRDA:119,10,0,0
BRDA:119,10,1,0
BRDA:126,11,0,3
BRDA:126,11,1,9
BRDA:135,12,0,0
BRDA:135,12,1,5
BRDA:143,13,0,1
BRDA:143,13,1,4
BRDA:160,14,0,8
BRDA:160,14,1,18
BRDA:160,15,0,26
BRDA:160,15,1,8
BRDA:162,16,0,12
BRDA:162,16,1,6
BRDA:162,17,0,18
BRDA:162,17,1,17
BRDA:162,17,2,17
BRDA:164,18,0,5
BRDA:164,18,1,1
BRDA:164,19,0,6
BRDA:164,19,1,5
BRDA:166,20,0,1
BRDA:166,20,1,0
BRDA:166,21,0,1
BRDA:166,21,1,0
BRDA:169,22,0,16
BRDA:169,22,1,10
BRDA:173,23,0,5
BRDA:173,23,1,21
BRF:53
BRH:40
end_of_record
TN:
SF:src/factories/gameboard.js
FN:9,(anonymous_0)
FN:9,(anonymous_1)
FN:10,(anonymous_2)
FN:12,(anonymous_3)
FN:21,(anonymous_4)
FN:25,(anonymous_5)
FN:38,(anonymous_6)
FN:39,(anonymous_7)
FN:39,(anonymous_8)
FN:41,(anonymous_9)
FN:43,(anonymous_10)
FN:45,(anonymous_11)
FN:50,(anonymous_12)
FN:54,(anonymous_13)
FN:59,(anonymous_14)
FN:61,(anonymous_15)
FN:86,(anonymous_16)
FN:94,(anonymous_17)
FN:102,(anonymous_18)
FN:157,(anonymous_19)
FN:170,(anonymous_20)
FN:171,(anonymous_21)
FN:173,(anonymous_22)
FN:178,(anonymous_23)
FN:184,(anonymous_24)
FN:190,(anonymous_25)
FN:199,(anonymous_26)
FN:217,(anonymous_27)
FN:224,(anonymous_28)
FN:234,(anonymous_29)
FN:254,(anonymous_30)
FN:257,(anonymous_31)
FN:258,(anonymous_32)
FN:259,(anonymous_33)
FNF:34
FNH:34
FNDA:530,(anonymous_0)
FNDA:5300,(anonymous_1)
FNDA:53,(anonymous_2)
FNDA:117,(anonymous_3)
FNDA:676,(anonymous_4)
FNDA:45,(anonymous_5)
FNDA:110,(anonymous_6)
FNDA:111,(anonymous_7)
FNDA:250,(anonymous_8)
FNDA:38,(anonymous_9)
FNDA:20,(anonymous_10)
FNDA:68,(anonymous_11)
FNDA:14,(anonymous_12)
FNDA:34,(anonymous_13)
FNDA:3,(anonymous_14)
FNDA:68,(anonymous_15)
FNDA:64,(anonymous_16)
FNDA:637,(anonymous_17)
FNDA:60,(anonymous_18)
FNDA:34,(anonymous_19)
FNDA:232,(anonymous_20)
FNDA:449,(anonymous_21)
FNDA:14,(anonymous_22)
FNDA:272,(anonymous_23)
FNDA:68,(anonymous_24)
FNDA:40,(anonymous_25)
FNDA:39,(anonymous_26)
FNDA:66,(anonymous_27)
FNDA:78,(anonymous_28)
FNDA:55,(anonymous_29)
FNDA:17,(anonymous_30)
FNDA:31,(anonymous_31)
FNDA:7,(anonymous_32)
FNDA:4,(anonymous_33)
DA:9,5300
DA:10,53
DA:12,2
DA:13,117
DA:14,117
DA:15,283
DA:16,283
DA:18,117
DA:21,2
DA:22,676
DA:25,2
DA:26,45
DA:27,45
DA:28,45
DA:29,45
DA:31,45
DA:32,45
DA:33,45
DA:34,45
DA:35,45
DA:36,45
DA:38,45
DA:39,250
DA:41,45
DA:43,45
DA:45,68
DA:50,45
DA:54,34
DA:57,45
DA:59,45
DA:61,45
DA:62,68
DA:63,68
DA:64,15
DA:65,15
DA:66,36
DA:67,103
DA:68,3
DA:73,65
DA:74,9
DA:75,9
DA:76,25
DA:77,80
DA:78,1
DA:83,64
DA:86,45
DA:87,64
DA:89,4
DA:91,60
DA:94,45
DA:95,637
DA:96,637
DA:97,637
DA:102,45
DA:103,60
DA:104,37
DA:106,37
DA:107,85
DA:108,85
DA:109,85
DA:110,6
DA:114,31
DA:115,31
DA:116,31
DA:117,2
DA:120,29
DA:121,29
DA:122,29
DA:123,29
DA:124,29
DA:125,2
DA:129,50
DA:130,23
DA:132,23
DA:133,23
DA:134,23
DA:135,2
DA:138,21
DA:139,56
DA:140,56
DA:141,56
DA:142,2
DA:146,19
DA:147,19
DA:148,19
DA:149,19
DA:150,19
DA:151,4
DA:154,42
DA:157,45
DA:158,34
DA:170,45
DA:171,449
DA:173,45
DA:174,14
DA:175,14
DA:178,272
DA:184,45
DA:185,68
DA:190,45
DA:191,40
DA:193,40
DA:194,40
DA:195,40
DA:196,40
DA:199,45
DA:200,39
DA:201,39
DA:202,39
DA:203,36
DA:206,24
DA:211,9
DA:214,6
DA:217,45
DA:218,66
DA:219,66
DA:220,24
DA:221,24
DA:222,24
DA:224,78
DA:225,42
DA:226,42
DA:227,11
DA:228,11
DA:230,31
DA:234,45
DA:235,55
DA:236,55
DA:239,55
DA:241,11
DA:244,44
DA:245,44
DA:246,44
DA:250,0
DA:254,45
DA:256,45
DA:257,31
DA:258,7
DA:259,4
LF:139
LH:138
BRDA:39,0,0,250
BRDA:39,0,1,157
BRDA:63,1,0,15
BRDA:63,1,1,53
BRDA:63,2,0,68
BRDA:63,2,1,42
BRDA:67,3,0,3
BRDA:67,3,1,100
BRDA:67,4,0,103
BRDA:67,4,1,28
BRDA:73,5,0,9
BRDA:73,5,1,56
BRDA:73,6,0,65
BRDA:73,6,1,26
BRDA:77,7,0,1
BRDA:77,7,1,79
BRDA:77,8,0,80
BRDA:77,8,1,6
BRDA:87,9,0,4
BRDA:87,9,1,60
BRDA:87,10,0,64
BRDA:87,10,1,39
BRDA:87,10,2,62
BRDA:87,10,3,25
BRDA:97,11,0,541
BRDA:97,11,1,96
BRDA:103,12,0,37
BRDA:103,12,1,23
BRDA:109,13,0,6
BRDA:109,13,1,79
BRDA:116,14,0,2
BRDA:116,14,1,29
BRDA:124,15,0,2
BRDA:124,15,1,27
BRDA:129,16,0,23
BRDA:129,16,1,27
BRDA:134,17,0,2
BRDA:134,17,1,21
BRDA:141,18,0,2
BRDA:141,18,1,54
BRDA:150,19,0,4
BRDA:150,19,1,15
BRDA:171,20,0,449
BRDA:171,20,1,449
BRDA:185,21,0,68
BRDA:185,21,1,64
BRDA:185,21,2,60
BRDA:191,22,0,0
BRDA:191,22,1,40
BRDA:202,23,0,36
BRDA:202,23,1,3
BRDA:203,24,0,17
BRDA:203,24,1,24
BRDA:203,24,2,9
BRDA:203,24,3,9
BRDA:203,24,4,9
BRDA:203,24,5,9
BRDA:219,25,0,24
BRDA:219,25,1,42
BRDA:224,26,0,78
BRDA:224,26,1,68
BRDA:226,27,0,11
BRDA:226,27,1,31
BRDA:239,28,0,11
BRDA:239,28,1,33
BRDA:239,28,2,44
BRDA:239,28,3,0
BRDA:246,29,0,11
BRDA:246,29,1,33
BRF:69
BRH:67
end_of_record
TN:
SF:src/factories/player.js
FN:4,(anonymous_0)
FN:8,(anonymous_1)
FN:10,(anonymous_2)
FN:19,(anonymous_3)
FN:20,(anonymous_4)
FN:21,(anonymous_5)
FNF:6
FNH:4
FNDA:10,(anonymous_0)
FNDA:5,(anonymous_1)
FNDA:26,(anonymous_2)
FNDA:0,(anonymous_3)
FNDA:0,(anonymous_4)
FNDA:2,(anonymous_5)
DA:4,2
DA:5,10
DA:6,10
DA:8,10
DA:10,10
DA:11,26
DA:12,26
DA:13,26
DA:14,5
DA:18,10
DA:19,0
DA:20,0
DA:21,2
LF:13
LH:11
BRDA:5,0,0,1
BRDA:5,0,1,9
BRDA:13,1,0,5
BRDA:13,1,1,21
BRF:4
BRH:4
end_of_record
TN:
SF:src/factories/ship.js
FN:13,(anonymous_0)
FN:20,(anonymous_1)
FN:29,(anonymous_2)
FN:35,(anonymous_3)
FN:37,(anonymous_4)
FN:37,(anonymous_5)
FN:42,(anonymous_6)
FN:43,(anonymous_7)
FN:44,(anonymous_8)
FNF:9
FNH:8
FNDA:36,(anonymous_0)
FNDA:15,(anonymous_1)
FNDA:52,(anonymous_2)
FNDA:48,(anonymous_3)
FNDA:108,(anonymous_4)
FNDA:271,(anonymous_5)
FNDA:0,(anonymous_6)
FNDA:48,(anonymous_7)
FNDA:263,(anonymous_8)
DA:4,3
DA:12,3
DA:14,36
DA:15,36
DA:16,93
DA:18,36
DA:21,15
DA:22,15
DA:23,41
DA:25,15
DA:29,3
DA:30,52
DA:31,52
DA:33,51
DA:35,51
DA:37,271
DA:39,51
DA:42,0
DA:43,48
DA:44,263
LF:20
LH:19
BRDA:31,0,0,1
BRDA:31,0,1,51
BRF:2
BRH:2
end_of_record
TN:
SF:src/utils/func_helpers.js
FN:1,(anonymous_0)
FN:2,curried
FN:10,(anonymous_2)
FN:12,(anonymous_3)
FN:14,(anonymous_4)
FN:16,(anonymous_5)
FN:18,(anonymous_6)
FN:28,(anonymous_7)
FN:34,(anonymous_8)
FN:52,(anonymous_9)
FN:57,(anonymous_10)
FN:59,(anonymous_11)
FN:60,(anonymous_12)
FN:60,(anonymous_13)
FN:62,(anonymous_14)
FN:63,(anonymous_15)
FN:69,(anonymous_16)
FN:70,(anonymous_17)
FN:76,(anonymous_18)
FN:86,(anonymous_19)
FN:97,(anonymous_20)
FN:108,(anonymous_21)
FN:118,(anonymous_22)
FN:139,(anonymous_23)
FN:152,(anonymous_24)
FN:161,(anonymous_25)
FN:170,(anonymous_26)
FN:182,(anonymous_27)
FN:194,(anonymous_28)
FN:195,(anonymous_29)
FN:196,(anonymous_30)
FN:197,(anonymous_31)
FN:198,(anonymous_32)
FN:200,(anonymous_33)
FN:210,(anonymous_34)
FN:220,(anonymous_35)
FNF:36
FNH:34
FNDA:81,(anonymous_0)
FNDA:8903,curried
FNDA:4,(anonymous_2)
FNDA:6,(anonymous_3)
FNDA:2,(anonymous_4)
FNDA:2,(anonymous_5)
FNDA:5,(anonymous_6)
FNDA:1,(anonymous_7)
FNDA:1081,(anonymous_8)
FNDA:970,(anonymous_9)
FNDA:290,(anonymous_10)
FNDA:97,(anonymous_11)
FNDA:97,(anonymous_12)
FNDA:264,(anonymous_13)
FNDA:964,(anonymous_14)
FNDA:2068,(anonymous_15)
FNDA:6,(anonymous_16)
FNDA:20,(anonymous_17)
FNDA:584,(anonymous_18)
FNDA:1,(anonymous_19)
FNDA:43,(anonymous_20)
FNDA:1,(anonymous_21)
FNDA:171,(anonymous_22)
FNDA:43,(anonymous_23)
FNDA:1629,(anonymous_24)
FNDA:471,(anonymous_25)
FNDA:15,(anonymous_26)
FNDA:15,(anonymous_27)
FNDA:451,(anonymous_28)
FNDA:451,(anonymous_29)
FNDA:0,(anonymous_30)
FNDA:0,(anonymous_31)
FNDA:569,(anonymous_32)
FNDA:4,(anonymous_33)
FNDA:479,(anonymous_34)
FNDA:1,(anonymous_35)
DA:1,3
DA:2,81
DA:3,8903
DA:4,532
DA:6,8371
DA:10,4
DA:12,6
DA:14,3
DA:16,3
DA:18,3
DA:19,5
DA:20,5
DA:21,5
DA:22,5
DA:23,10
DA:25,5
DA:28,3
DA:29,1
DA:30,1
DA:31,1
DA:34,3
DA:36,1081
DA:38,793
DA:39,793
DA:40,1485
DA:42,793
DA:44,288
DA:45,288
DA:46,719
DA:48,288
DA:52,3
DA:53,970
DA:57,290
DA:59,3
DA:60,264
DA:62,964
DA:63,2068
DA:67,3
DA:69,6
DA:70,20
DA:74,3
DA:76,3
DA:77,584
DA:78,584
DA:79,584
DA:80,5833
DA:81,5833
DA:83,584
DA:86,3
DA:87,1
DA:88,1
DA:89,1
DA:90,4
DA:91,1
DA:93,3
DA:97,3
DA:98,43
DA:99,43
DA:100,43
DA:101,82
DA:102,43
DA:104,39
DA:108,3
DA:109,1
DA:110,1
DA:111,1
DA:112,3
DA:113,3
DA:115,1
DA:118,3
DA:119,171
DA:120,171
DA:121,171
DA:122,171
DA:123,450
DA:124,74
DA:125,74
DA:126,74
DA:127,74
DA:128,377
DA:129,377
DA:132,376
DA:134,450
DA:136,171
DA:139,3
DA:140,43
DA:141,43
DA:142,43
DA:143,43
DA:144,525
DA:145,440
DA:147,525
DA:149,43
DA:152,3
DA:153,1629
DA:154,2121
DA:155,1516
DA:158,113
DA:161,3
DA:162,471
DA:163,1627
DA:164,112
DA:167,359
DA:170,3
DA:171,15
DA:172,15
DA:173,15
DA:174,15
DA:175,197
DA:176,126
DA:179,15
DA:182,3
DA:183,15
DA:184,15
DA:185,15
DA:186,27
DA:187,14
DA:188,14
DA:191,1
DA:194,451
DA:195,451
DA:196,3
DA:197,3
DA:198,569
DA:200,3
DA:201,4
DA:202,4
DA:203,8
DA:204,2
DA:207,2
DA:210,3
DA:211,479
DA:212,479
DA:213,1025
DA:214,61
DA:217,418
DA:220,3
DA:221,1
LF:138
LH:138
BRDA:3,0,0,532
BRDA:3,0,1,8371
BRDA:20,1,0,2
BRDA:20,1,1,3
BRDA:21,2,0,5
BRDA:21,2,1,4
BRDA:36,3,0,793
BRDA:36,3,1,288
BRDA:53,4,0,970
BRDA:53,4,1,970
BRDA:62,5,0,963
BRDA:62,5,1,1
BRDA:62,6,0,964
BRDA:62,6,1,286
BRDA:63,7,0,1930
BRDA:63,7,1,138
BRDA:69,8,0,4
BRDA:69,8,1,2
BRDA:69,9,0,6
BRDA:69,9,1,4
BRDA:70,10,0,12
BRDA:70,10,1,8
BRDA:90,11,0,1
BRDA:90,11,1,3
BRDA:101,12,0,43
BRDA:101,12,1,39
BRDA:123,13,0,74
BRDA:123,13,1,376
BRDA:144,14,0,440
BRDA:144,14,1,85
BRDA:154,15,0,1516
BRDA:154,15,1,605
BRDA:163,16,0,112
BRDA:163,16,1,1515
BRDA:172,17,0,0
BRDA:172,17,1,15
BRDA:175,18,0,126
BRDA:175,18,1,71
BRDA:186,19,0,14
BRDA:186,19,1,13
BRDA:203,20,0,2
BRDA:203,20,1,6
BRDA:213,21,0,61
BRDA:213,21,1,964
BRF:44
BRH:43
end_of_record
TN:
SF:src/utils/helper_funcs.js
FN:1,(anonymous_0)
FN:3,(anonymous_1)
FN:9,(anonymous_2)
FN:10,(anonymous_3)
FNF:4
FNH:2
FNDA:17,(anonymous_0)
FNDA:1,(anonymous_1)
FNDA:0,(anonymous_2)
FNDA:0,(anonymous_3)
DA:1,17
DA:3,1
DA:4,1
DA:5,1
DA:6,1
DA:9,1
DA:10,0
DA:11,0
LF:8
LH:6
BRF:0
BRH:0
end_of_record
